[04:35:57] [main/INFO]: Setting user: Player887
[04:35:57] [Client thread/INFO]: LWJGL Version: 2.9.1
[04:35:58] [Client thread/ERROR]: Couldn't initialize twitch stream
[04:36:01] [Client thread/INFO]: Reloading ResourceManager: Default, FMLFileResourcePack:Forge Mod Loader, FMLFileResourcePack:Minecraft Forge, FMLFileResourcePack:ForgeCraft
[04:36:01] [Sound Library Loader/INFO]: Sound engine started
[04:36:02] [Client thread/INFO]: Created: 1024x512 textures/blocks-atlas
[04:36:02] [Client thread/INFO]: Created: 512x512 textures/items-atlas
[04:36:02] [Client thread/INFO]: Reloading ResourceManager: Default, FMLFileResourcePack:Forge Mod Loader, FMLFileResourcePack:Minecraft Forge, FMLFileResourcePack:ForgeCraft
[04:36:03] [Client thread/INFO]: Created: 1024x512 textures/blocks-atlas
[04:36:03] [Client thread/INFO]: Created: 512x512 textures/items-atlas
[04:36:04] [Sound Library Loader/INFO]: Sound engine started
[04:36:15] [Server thread/INFO]: Starting integrated minecraft server version 1.7.10
[04:36:15] [Server thread/INFO]: Generating keypair
[04:36:15] [Server thread/INFO]: Converting map!
[04:36:15] [Server thread/INFO]: Scanning folders...
[04:36:15] [Server thread/INFO]: Total conversion count is 0
[04:36:16] [Server thread/INFO]: Preparing start region for level 0
[04:36:16] [Server thread/INFO]: Changing view distance to 12, from 10
[04:36:16] [Server thread/INFO]: Player887[local:E:423d8b42] logged in with entity id 0 at (26.5, 4.0, -597.5)
[04:36:16] [Server thread/INFO]: Player887 joined the game
[04:36:18] [Server thread/INFO]: Saving and pausing game...
[04:36:18] [Server thread/INFO]: Saving chunks for level 'New World'/Overworld
[04:36:18] [Server thread/INFO]: Saving chunks for level 'New World'/Nether
[04:36:18] [Server thread/INFO]: Saving chunks for level 'New World'/The End
[04:36:23] [Server thread/INFO]: Player887 has just earned the achievement [Taking Inventory]
[04:36:23] [Client thread/INFO]: [CHAT] Player887 has just earned the achievement [Taking Inventory]
[04:36:48] [Server thread/INFO]: Saving and pausing game...
[04:36:48] [Server thread/INFO]: Saving chunks for level 'New World'/Overworld
[04:36:48] [Server thread/INFO]: Saving chunks for level 'New World'/Nether
[04:36:48] [Server thread/INFO]: Saving chunks for level 'New World'/The End
[04:36:49] [Server thread/INFO]: Stopping server
[04:36:49] [Server thread/INFO]: Saving players
[04:36:49] [Server thread/INFO]: Saving worlds
[04:36:49] [Server thread/INFO]: Saving chunks for level 'New World'/Overworld
[04:36:49] [Server thread/INFO]: Saving chunks for level 'New World'/Nether
[04:36:49] [Server thread/INFO]: Saving chunks for level 'New World'/The End
[04:36:50] [Client thread/INFO]: Stopping!
