[21:21:49] [main/INFO] [GradleStart]: Extra: []
[21:21:49] [main/INFO] [GradleStart]: Running with arguments: [--userProperties, {}, --assetsDir, /Users/mminaie/.gradle/caches/minecraft/assets, --assetIndex, 1.11, --accessToken{REDACTED}, --version, 1.11, --tweakClass, net.minecraftforge.fml.common.launcher.FMLTweaker, --tweakClass, net.minecraftforge.gradle.tweakers.CoremodTweaker]
[21:21:49] [main/INFO] [LaunchWrapper]: Loading tweak class name net.minecraftforge.fml.common.launcher.FMLTweaker
[21:21:49] [main/INFO] [LaunchWrapper]: Using primary tweak class name net.minecraftforge.fml.common.launcher.FMLTweaker
[21:21:49] [main/INFO] [LaunchWrapper]: Loading tweak class name net.minecraftforge.gradle.tweakers.CoremodTweaker
[21:21:49] [main/INFO] [LaunchWrapper]: Calling tweak class net.minecraftforge.fml.common.launcher.FMLTweaker
[21:22:41] [main/INFO] [GradleStart]: Extra: []
[21:22:41] [main/INFO] [GradleStart]: Running with arguments: [--userProperties, {}, --assetsDir, /Users/mminaie/.gradle/caches/minecraft/assets, --assetIndex, 1.11, --accessToken{REDACTED}, --version, 1.11, --tweakClass, net.minecraftforge.fml.common.launcher.FMLTweaker, --tweakClass, net.minecraftforge.gradle.tweakers.CoremodTweaker]
[21:22:41] [main/INFO] [LaunchWrapper]: Loading tweak class name net.minecraftforge.fml.common.launcher.FMLTweaker
[21:22:41] [main/INFO] [LaunchWrapper]: Using primary tweak class name net.minecraftforge.fml.common.launcher.FMLTweaker
[21:22:41] [main/INFO] [LaunchWrapper]: Loading tweak class name net.minecraftforge.gradle.tweakers.CoremodTweaker
[21:22:41] [main/INFO] [LaunchWrapper]: Calling tweak class net.minecraftforge.fml.common.launcher.FMLTweaker
[22:07:20] [main/INFO] [GradleStart]: Extra: []
[22:07:21] [main/INFO] [GradleStart]: Running with arguments: [--userProperties, {}, --assetsDir, /Users/mminaie/.gradle/caches/minecraft/assets, --assetIndex, 1.11, --accessToken{REDACTED}, --version, 1.11, --tweakClass, net.minecraftforge.fml.common.launcher.FMLTweaker, --tweakClass, net.minecraftforge.gradle.tweakers.CoremodTweaker]
[22:07:21] [main/INFO] [LaunchWrapper]: Loading tweak class name net.minecraftforge.fml.common.launcher.FMLTweaker
[22:07:21] [main/INFO] [LaunchWrapper]: Using primary tweak class name net.minecraftforge.fml.common.launcher.FMLTweaker
[22:07:21] [main/INFO] [LaunchWrapper]: Loading tweak class name net.minecraftforge.gradle.tweakers.CoremodTweaker
[22:07:21] [main/INFO] [LaunchWrapper]: Calling tweak class net.minecraftforge.fml.common.launcher.FMLTweaker
[22:11:25] [main/INFO] [GradleStart]: Extra: []
[22:11:25] [main/INFO] [GradleStart]: Running with arguments: [--userProperties, {}, --assetsDir, /Users/mminaie/.gradle/caches/minecraft/assets, --assetIndex, 1.11, --accessToken{REDACTED}, --version, 1.11, --tweakClass, net.minecraftforge.fml.common.launcher.FMLTweaker, --tweakClass, net.minecraftforge.gradle.tweakers.CoremodTweaker]
[22:11:25] [main/INFO] [LaunchWrapper]: Loading tweak class name net.minecraftforge.fml.common.launcher.FMLTweaker
[22:11:25] [main/INFO] [LaunchWrapper]: Using primary tweak class name net.minecraftforge.fml.common.launcher.FMLTweaker
[22:11:25] [main/INFO] [LaunchWrapper]: Loading tweak class name net.minecraftforge.gradle.tweakers.CoremodTweaker
[22:11:25] [main/INFO] [LaunchWrapper]: Calling tweak class net.minecraftforge.fml.common.launcher.FMLTweaker
[22:14:29] [main/INFO] [GradleStart]: Extra: []
[22:14:29] [main/INFO] [GradleStart]: Running with arguments: [--userProperties, {}, --assetsDir, /Users/mminaie/.gradle/caches/minecraft/assets, --assetIndex, 1.11, --accessToken{REDACTED}, --version, 1.11, --tweakClass, net.minecraftforge.fml.common.launcher.FMLTweaker, --tweakClass, net.minecraftforge.gradle.tweakers.CoremodTweaker]
[22:14:29] [main/INFO] [LaunchWrapper]: Loading tweak class name net.minecraftforge.fml.common.launcher.FMLTweaker
[22:14:29] [main/INFO] [LaunchWrapper]: Using primary tweak class name net.minecraftforge.fml.common.launcher.FMLTweaker
[22:14:29] [main/INFO] [LaunchWrapper]: Loading tweak class name net.minecraftforge.gradle.tweakers.CoremodTweaker
[22:14:29] [main/INFO] [LaunchWrapper]: Calling tweak class net.minecraftforge.fml.common.launcher.FMLTweaker
[22:37:51] [main/INFO] [GradleStart]: Extra: []
[22:37:51] [main/INFO] [GradleStart]: Running with arguments: [--userProperties, {}, --assetsDir, /Users/mminaie/.gradle/caches/minecraft/assets, --assetIndex, 1.11, --accessToken{REDACTED}, --version, 1.11, --tweakClass, net.minecraftforge.fml.common.launcher.FMLTweaker, --tweakClass, net.minecraftforge.gradle.tweakers.CoremodTweaker]
[22:37:51] [main/INFO] [LaunchWrapper]: Loading tweak class name net.minecraftforge.fml.common.launcher.FMLTweaker
[22:37:51] [main/INFO] [LaunchWrapper]: Using primary tweak class name net.minecraftforge.fml.common.launcher.FMLTweaker
[22:37:51] [main/INFO] [LaunchWrapper]: Loading tweak class name net.minecraftforge.gradle.tweakers.CoremodTweaker
[22:37:51] [main/INFO] [LaunchWrapper]: Calling tweak class net.minecraftforge.fml.common.launcher.FMLTweaker
[22:45:24] [main/INFO] [GradleStart]: Extra: []
[22:45:24] [main/INFO] [GradleStart]: Running with arguments: [--userProperties, {}, --assetsDir, /Users/mminaie/.gradle/caches/minecraft/assets, --assetIndex, 1.11, --accessToken{REDACTED}, --version, 1.11, --tweakClass, net.minecraftforge.fml.common.launcher.FMLTweaker, --tweakClass, net.minecraftforge.gradle.tweakers.CoremodTweaker]
[22:45:24] [main/INFO] [LaunchWrapper]: Loading tweak class name net.minecraftforge.fml.common.launcher.FMLTweaker
[22:45:24] [main/INFO] [LaunchWrapper]: Using primary tweak class name net.minecraftforge.fml.common.launcher.FMLTweaker
[22:45:24] [main/INFO] [LaunchWrapper]: Loading tweak class name net.minecraftforge.gradle.tweakers.CoremodTweaker
[22:45:24] [main/INFO] [LaunchWrapper]: Calling tweak class net.minecraftforge.fml.common.launcher.FMLTweaker
[22:46:17] [main/INFO] [GradleStart]: Extra: []
[22:46:17] [main/INFO] [GradleStart]: Running with arguments: [--userProperties, {}, --assetsDir, /Users/mminaie/.gradle/caches/minecraft/assets, --assetIndex, 1.11, --accessToken{REDACTED}, --version, 1.11, --tweakClass, net.minecraftforge.fml.common.launcher.FMLTweaker, --tweakClass, net.minecraftforge.gradle.tweakers.CoremodTweaker]
[22:46:17] [main/INFO] [LaunchWrapper]: Loading tweak class name net.minecraftforge.fml.common.launcher.FMLTweaker
[22:46:17] [main/INFO] [LaunchWrapper]: Using primary tweak class name net.minecraftforge.fml.common.launcher.FMLTweaker
[22:46:17] [main/INFO] [LaunchWrapper]: Loading tweak class name net.minecraftforge.gradle.tweakers.CoremodTweaker
[22:46:17] [main/INFO] [LaunchWrapper]: Calling tweak class net.minecraftforge.fml.common.launcher.FMLTweaker
[22:49:22] [main/INFO] [GradleStart]: Extra: []
[22:49:22] [main/INFO] [GradleStart]: Running with arguments: [--userProperties, {}, --assetsDir, /Users/mminaie/.gradle/caches/minecraft/assets, --assetIndex, 1.11, --accessToken{REDACTED}, --version, 1.11, --tweakClass, net.minecraftforge.fml.common.launcher.FMLTweaker, --tweakClass, net.minecraftforge.gradle.tweakers.CoremodTweaker]
[22:49:22] [main/INFO] [LaunchWrapper]: Loading tweak class name net.minecraftforge.fml.common.launcher.FMLTweaker
[22:49:22] [main/INFO] [LaunchWrapper]: Using primary tweak class name net.minecraftforge.fml.common.launcher.FMLTweaker
[22:49:22] [main/INFO] [LaunchWrapper]: Loading tweak class name net.minecraftforge.gradle.tweakers.CoremodTweaker
[22:49:22] [main/INFO] [LaunchWrapper]: Calling tweak class net.minecraftforge.fml.common.launcher.FMLTweaker
[10:28:01] [main/INFO] [GradleStart]: Extra: []
[10:28:01] [main/INFO] [GradleStart]: Running with arguments: [--userProperties, {}, --assetsDir, /Users/mminaie/.gradle/caches/minecraft/assets, --assetIndex, 1.11, --accessToken{REDACTED}, --version, 1.11, --tweakClass, net.minecraftforge.fml.common.launcher.FMLTweaker, --tweakClass, net.minecraftforge.gradle.tweakers.CoremodTweaker]
[10:28:01] [main/INFO] [LaunchWrapper]: Loading tweak class name net.minecraftforge.fml.common.launcher.FMLTweaker
[10:28:01] [main/INFO] [LaunchWrapper]: Using primary tweak class name net.minecraftforge.fml.common.launcher.FMLTweaker
[10:28:01] [main/INFO] [LaunchWrapper]: Loading tweak class name net.minecraftforge.gradle.tweakers.CoremodTweaker
[10:28:01] [main/INFO] [LaunchWrapper]: Calling tweak class net.minecraftforge.fml.common.launcher.FMLTweaker
[10:31:18] [main/INFO] [GradleStart]: Extra: []
[10:31:18] [main/INFO] [GradleStart]: Running with arguments: [--userProperties, {}, --assetsDir, /Users/mminaie/.gradle/caches/minecraft/assets, --assetIndex, 1.11, --accessToken{REDACTED}, --version, 1.11, --tweakClass, net.minecraftforge.fml.common.launcher.FMLTweaker, --tweakClass, net.minecraftforge.gradle.tweakers.CoremodTweaker]
[10:31:18] [main/INFO] [LaunchWrapper]: Loading tweak class name net.minecraftforge.fml.common.launcher.FMLTweaker
[10:31:18] [main/INFO] [LaunchWrapper]: Using primary tweak class name net.minecraftforge.fml.common.launcher.FMLTweaker
[10:31:18] [main/INFO] [LaunchWrapper]: Loading tweak class name net.minecraftforge.gradle.tweakers.CoremodTweaker
[10:31:18] [main/INFO] [LaunchWrapper]: Calling tweak class net.minecraftforge.fml.common.launcher.FMLTweaker
[10:33:28] [main/INFO] [GradleStart]: Extra: []
[10:33:28] [main/INFO] [GradleStart]: Running with arguments: [--userProperties, {}, --assetsDir, /Users/mminaie/.gradle/caches/minecraft/assets, --assetIndex, 1.11, --accessToken{REDACTED}, --version, 1.11, --tweakClass, net.minecraftforge.fml.common.launcher.FMLTweaker, --tweakClass, net.minecraftforge.gradle.tweakers.CoremodTweaker]
[10:33:28] [main/INFO] [LaunchWrapper]: Loading tweak class name net.minecraftforge.fml.common.launcher.FMLTweaker
[10:33:29] [main/INFO] [LaunchWrapper]: Using primary tweak class name net.minecraftforge.fml.common.launcher.FMLTweaker
[10:33:29] [main/INFO] [LaunchWrapper]: Loading tweak class name net.minecraftforge.gradle.tweakers.CoremodTweaker
[10:33:29] [main/INFO] [LaunchWrapper]: Calling tweak class net.minecraftforge.fml.common.launcher.FMLTweaker
[11:02:03] [main/INFO] [GradleStart]: Extra: []
[11:02:03] [main/INFO] [GradleStart]: Running with arguments: [--userProperties, {}, --assetsDir, /Users/mminaie/.gradle/caches/minecraft/assets, --assetIndex, 1.11, --accessToken{REDACTED}, --version, 1.11, --tweakClass, net.minecraftforge.fml.common.launcher.FMLTweaker, --tweakClass, net.minecraftforge.gradle.tweakers.CoremodTweaker]
[11:02:03] [main/INFO] [LaunchWrapper]: Loading tweak class name net.minecraftforge.fml.common.launcher.FMLTweaker
[11:02:03] [main/INFO] [LaunchWrapper]: Using primary tweak class name net.minecraftforge.fml.common.launcher.FMLTweaker
[11:02:03] [main/INFO] [LaunchWrapper]: Loading tweak class name net.minecraftforge.gradle.tweakers.CoremodTweaker
[11:02:03] [main/INFO] [LaunchWrapper]: Calling tweak class net.minecraftforge.fml.common.launcher.FMLTweaker
[11:22:55] [main/INFO] [GradleStart]: Extra: []
[11:22:55] [main/INFO] [GradleStart]: Running with arguments: [--userProperties, {}, --assetsDir, /Users/mminaie/.gradle/caches/minecraft/assets, --assetIndex, 1.11, --accessToken{REDACTED}, --version, 1.11, --tweakClass, net.minecraftforge.fml.common.launcher.FMLTweaker, --tweakClass, net.minecraftforge.gradle.tweakers.CoremodTweaker]
[11:22:55] [main/INFO] [LaunchWrapper]: Loading tweak class name net.minecraftforge.fml.common.launcher.FMLTweaker
[11:22:55] [main/INFO] [LaunchWrapper]: Using primary tweak class name net.minecraftforge.fml.common.launcher.FMLTweaker
[11:22:55] [main/INFO] [LaunchWrapper]: Loading tweak class name net.minecraftforge.gradle.tweakers.CoremodTweaker
[11:22:55] [main/INFO] [LaunchWrapper]: Calling tweak class net.minecraftforge.fml.common.launcher.FMLTweaker
[11:25:39] [main/INFO] [GradleStart]: Extra: []
[11:25:39] [main/INFO] [GradleStart]: Running with arguments: [--userProperties, {}, --assetsDir, /Users/mminaie/.gradle/caches/minecraft/assets, --assetIndex, 1.11, --accessToken{REDACTED}, --version, 1.11, --tweakClass, net.minecraftforge.fml.common.launcher.FMLTweaker, --tweakClass, net.minecraftforge.gradle.tweakers.CoremodTweaker]
[11:25:39] [main/INFO] [LaunchWrapper]: Loading tweak class name net.minecraftforge.fml.common.launcher.FMLTweaker
[11:25:39] [main/INFO] [LaunchWrapper]: Using primary tweak class name net.minecraftforge.fml.common.launcher.FMLTweaker
[11:25:39] [main/INFO] [LaunchWrapper]: Loading tweak class name net.minecraftforge.gradle.tweakers.CoremodTweaker
[11:25:39] [main/INFO] [LaunchWrapper]: Calling tweak class net.minecraftforge.fml.common.launcher.FMLTweaker
[11:27:48] [main/INFO] [GradleStart]: Extra: []
[11:27:48] [main/INFO] [GradleStart]: Running with arguments: [--userProperties, {}, --assetsDir, /Users/mminaie/.gradle/caches/minecraft/assets, --assetIndex, 1.11, --accessToken{REDACTED}, --version, 1.11, --tweakClass, net.minecraftforge.fml.common.launcher.FMLTweaker, --tweakClass, net.minecraftforge.gradle.tweakers.CoremodTweaker]
[11:27:48] [main/INFO] [LaunchWrapper]: Loading tweak class name net.minecraftforge.fml.common.launcher.FMLTweaker
[11:27:48] [main/INFO] [LaunchWrapper]: Using primary tweak class name net.minecraftforge.fml.common.launcher.FMLTweaker
[11:27:48] [main/INFO] [LaunchWrapper]: Loading tweak class name net.minecraftforge.gradle.tweakers.CoremodTweaker
[11:27:48] [main/INFO] [LaunchWrapper]: Calling tweak class net.minecraftforge.fml.common.launcher.FMLTweaker
[11:29:19] [main/INFO] [GradleStart]: Extra: []
[11:29:19] [main/INFO] [GradleStart]: Running with arguments: [--userProperties, {}, --assetsDir, /Users/mminaie/.gradle/caches/minecraft/assets, --assetIndex, 1.11, --accessToken{REDACTED}, --version, 1.11, --tweakClass, net.minecraftforge.fml.common.launcher.FMLTweaker, --tweakClass, net.minecraftforge.gradle.tweakers.CoremodTweaker]
[11:29:19] [main/INFO] [LaunchWrapper]: Loading tweak class name net.minecraftforge.fml.common.launcher.FMLTweaker
[11:29:19] [main/INFO] [LaunchWrapper]: Using primary tweak class name net.minecraftforge.fml.common.launcher.FMLTweaker
[11:29:19] [main/INFO] [LaunchWrapper]: Loading tweak class name net.minecraftforge.gradle.tweakers.CoremodTweaker
[11:29:19] [main/INFO] [LaunchWrapper]: Calling tweak class net.minecraftforge.fml.common.launcher.FMLTweaker
[11:33:42] [main/INFO] [GradleStart]: Extra: []
[11:33:42] [main/INFO] [GradleStart]: Running with arguments: [--userProperties, {}, --assetsDir, /Users/mminaie/.gradle/caches/minecraft/assets, --assetIndex, 1.11, --accessToken{REDACTED}, --version, 1.11, --tweakClass, net.minecraftforge.fml.common.launcher.FMLTweaker, --tweakClass, net.minecraftforge.gradle.tweakers.CoremodTweaker]
[11:33:42] [main/INFO] [LaunchWrapper]: Loading tweak class name net.minecraftforge.fml.common.launcher.FMLTweaker
[11:33:42] [main/INFO] [LaunchWrapper]: Using primary tweak class name net.minecraftforge.fml.common.launcher.FMLTweaker
[11:33:42] [main/INFO] [LaunchWrapper]: Loading tweak class name net.minecraftforge.gradle.tweakers.CoremodTweaker
[11:33:42] [main/INFO] [LaunchWrapper]: Calling tweak class net.minecraftforge.fml.common.launcher.FMLTweaker
[11:36:00] [main/INFO] [GradleStart]: Extra: []
[11:36:00] [main/INFO] [GradleStart]: Running with arguments: [--userProperties, {}, --assetsDir, /Users/mminaie/.gradle/caches/minecraft/assets, --assetIndex, 1.11, --accessToken{REDACTED}, --version, 1.11, --tweakClass, net.minecraftforge.fml.common.launcher.FMLTweaker, --tweakClass, net.minecraftforge.gradle.tweakers.CoremodTweaker]
[11:36:00] [main/INFO] [LaunchWrapper]: Loading tweak class name net.minecraftforge.fml.common.launcher.FMLTweaker
[11:36:00] [main/INFO] [LaunchWrapper]: Using primary tweak class name net.minecraftforge.fml.common.launcher.FMLTweaker
[11:36:00] [main/INFO] [LaunchWrapper]: Loading tweak class name net.minecraftforge.gradle.tweakers.CoremodTweaker
[11:36:00] [main/INFO] [LaunchWrapper]: Calling tweak class net.minecraftforge.fml.common.launcher.FMLTweaker
[11:42:34] [main/INFO] [GradleStart]: Extra: []
[11:42:34] [main/INFO] [GradleStart]: Running with arguments: [--userProperties, {}, --assetsDir, /Users/mminaie/.gradle/caches/minecraft/assets, --assetIndex, 1.11, --accessToken{REDACTED}, --version, 1.11, --tweakClass, net.minecraftforge.fml.common.launcher.FMLTweaker, --tweakClass, net.minecraftforge.gradle.tweakers.CoremodTweaker]
[11:42:34] [main/INFO] [LaunchWrapper]: Loading tweak class name net.minecraftforge.fml.common.launcher.FMLTweaker
[11:42:34] [main/INFO] [LaunchWrapper]: Using primary tweak class name net.minecraftforge.fml.common.launcher.FMLTweaker
[11:42:34] [main/INFO] [LaunchWrapper]: Loading tweak class name net.minecraftforge.gradle.tweakers.CoremodTweaker
[11:42:34] [main/INFO] [LaunchWrapper]: Calling tweak class net.minecraftforge.fml.common.launcher.FMLTweaker
[11:49:12] [main/INFO] [GradleStart]: Extra: []
[11:49:12] [main/INFO] [GradleStart]: Running with arguments: [--userProperties, {}, --assetsDir, /Users/mminaie/.gradle/caches/minecraft/assets, --assetIndex, 1.11, --accessToken{REDACTED}, --version, 1.11, --tweakClass, net.minecraftforge.fml.common.launcher.FMLTweaker, --tweakClass, net.minecraftforge.gradle.tweakers.CoremodTweaker]
[11:49:12] [main/INFO] [LaunchWrapper]: Loading tweak class name net.minecraftforge.fml.common.launcher.FMLTweaker
[11:49:12] [main/INFO] [LaunchWrapper]: Using primary tweak class name net.minecraftforge.fml.common.launcher.FMLTweaker
[11:49:12] [main/INFO] [LaunchWrapper]: Loading tweak class name net.minecraftforge.gradle.tweakers.CoremodTweaker
[11:49:12] [main/INFO] [LaunchWrapper]: Calling tweak class net.minecraftforge.fml.common.launcher.FMLTweaker
[11:50:24] [main/INFO] [GradleStart]: Extra: []
[11:50:24] [main/INFO] [GradleStart]: Running with arguments: [--userProperties, {}, --assetsDir, /Users/mminaie/.gradle/caches/minecraft/assets, --assetIndex, 1.11, --accessToken{REDACTED}, --version, 1.11, --tweakClass, net.minecraftforge.fml.common.launcher.FMLTweaker, --tweakClass, net.minecraftforge.gradle.tweakers.CoremodTweaker]
[11:50:24] [main/INFO] [LaunchWrapper]: Loading tweak class name net.minecraftforge.fml.common.launcher.FMLTweaker
[11:50:24] [main/INFO] [LaunchWrapper]: Using primary tweak class name net.minecraftforge.fml.common.launcher.FMLTweaker
[11:50:24] [main/INFO] [LaunchWrapper]: Loading tweak class name net.minecraftforge.gradle.tweakers.CoremodTweaker
[11:50:24] [main/INFO] [LaunchWrapper]: Calling tweak class net.minecraftforge.fml.common.launcher.FMLTweaker
[11:54:16] [main/INFO] [GradleStart]: Extra: []
[11:54:16] [main/INFO] [GradleStart]: Running with arguments: [--userProperties, {}, --assetsDir, /Users/mminaie/.gradle/caches/minecraft/assets, --assetIndex, 1.11, --accessToken{REDACTED}, --version, 1.11, --tweakClass, net.minecraftforge.fml.common.launcher.FMLTweaker, --tweakClass, net.minecraftforge.gradle.tweakers.CoremodTweaker]
[11:54:16] [main/INFO] [LaunchWrapper]: Loading tweak class name net.minecraftforge.fml.common.launcher.FMLTweaker
[11:54:16] [main/INFO] [LaunchWrapper]: Using primary tweak class name net.minecraftforge.fml.common.launcher.FMLTweaker
[11:54:16] [main/INFO] [LaunchWrapper]: Loading tweak class name net.minecraftforge.gradle.tweakers.CoremodTweaker
[11:54:16] [main/INFO] [LaunchWrapper]: Calling tweak class net.minecraftforge.fml.common.launcher.FMLTweaker
[11:57:52] [main/INFO] [GradleStart]: Extra: []
[11:57:52] [main/INFO] [GradleStart]: Running with arguments: [--userProperties, {}, --assetsDir, /Users/mminaie/.gradle/caches/minecraft/assets, --assetIndex, 1.11, --accessToken{REDACTED}, --version, 1.11, --tweakClass, net.minecraftforge.fml.common.launcher.FMLTweaker, --tweakClass, net.minecraftforge.gradle.tweakers.CoremodTweaker]
[11:57:52] [main/INFO] [LaunchWrapper]: Loading tweak class name net.minecraftforge.fml.common.launcher.FMLTweaker
[11:57:52] [main/INFO] [LaunchWrapper]: Using primary tweak class name net.minecraftforge.fml.common.launcher.FMLTweaker
[11:57:52] [main/INFO] [LaunchWrapper]: Loading tweak class name net.minecraftforge.gradle.tweakers.CoremodTweaker
[11:57:52] [main/INFO] [LaunchWrapper]: Calling tweak class net.minecraftforge.fml.common.launcher.FMLTweaker
[11:59:11] [main/INFO] [GradleStart]: Extra: []
[11:59:11] [main/INFO] [GradleStart]: Running with arguments: [--userProperties, {}, --assetsDir, /Users/mminaie/.gradle/caches/minecraft/assets, --assetIndex, 1.11, --accessToken{REDACTED}, --version, 1.11, --tweakClass, net.minecraftforge.fml.common.launcher.FMLTweaker, --tweakClass, net.minecraftforge.gradle.tweakers.CoremodTweaker]
[11:59:11] [main/INFO] [LaunchWrapper]: Loading tweak class name net.minecraftforge.fml.common.launcher.FMLTweaker
[11:59:11] [main/INFO] [LaunchWrapper]: Using primary tweak class name net.minecraftforge.fml.common.launcher.FMLTweaker
[11:59:11] [main/INFO] [LaunchWrapper]: Loading tweak class name net.minecraftforge.gradle.tweakers.CoremodTweaker
[11:59:11] [main/INFO] [LaunchWrapper]: Calling tweak class net.minecraftforge.fml.common.launcher.FMLTweaker
[12:08:10] [main/INFO] [GradleStart]: Extra: []
[12:08:10] [main/INFO] [GradleStart]: Running with arguments: [--userProperties, {}, --assetsDir, /Users/mminaie/.gradle/caches/minecraft/assets, --assetIndex, 1.11, --accessToken{REDACTED}, --version, 1.11, --tweakClass, net.minecraftforge.fml.common.launcher.FMLTweaker, --tweakClass, net.minecraftforge.gradle.tweakers.CoremodTweaker]
[12:08:10] [main/INFO] [LaunchWrapper]: Loading tweak class name net.minecraftforge.fml.common.launcher.FMLTweaker
[12:08:10] [main/INFO] [LaunchWrapper]: Using primary tweak class name net.minecraftforge.fml.common.launcher.FMLTweaker
[12:08:10] [main/INFO] [LaunchWrapper]: Loading tweak class name net.minecraftforge.gradle.tweakers.CoremodTweaker
[12:08:10] [main/INFO] [LaunchWrapper]: Calling tweak class net.minecraftforge.fml.common.launcher.FMLTweaker
[12:13:54] [main/INFO] [GradleStart]: Extra: []
[12:13:54] [main/INFO] [GradleStart]: Running with arguments: [--userProperties, {}, --assetsDir, /Users/mminaie/.gradle/caches/minecraft/assets, --assetIndex, 1.11, --accessToken{REDACTED}, --version, 1.11, --tweakClass, net.minecraftforge.fml.common.launcher.FMLTweaker, --tweakClass, net.minecraftforge.gradle.tweakers.CoremodTweaker]
[12:13:54] [main/INFO] [LaunchWrapper]: Loading tweak class name net.minecraftforge.fml.common.launcher.FMLTweaker
[12:13:54] [main/INFO] [LaunchWrapper]: Using primary tweak class name net.minecraftforge.fml.common.launcher.FMLTweaker
[12:13:54] [main/INFO] [LaunchWrapper]: Loading tweak class name net.minecraftforge.gradle.tweakers.CoremodTweaker
[12:13:54] [main/INFO] [LaunchWrapper]: Calling tweak class net.minecraftforge.fml.common.launcher.FMLTweaker
[12:15:07] [main/INFO] [GradleStart]: Extra: []
[12:15:07] [main/INFO] [GradleStart]: Running with arguments: [--userProperties, {}, --assetsDir, /Users/mminaie/.gradle/caches/minecraft/assets, --assetIndex, 1.11, --accessToken{REDACTED}, --version, 1.11, --tweakClass, net.minecraftforge.fml.common.launcher.FMLTweaker, --tweakClass, net.minecraftforge.gradle.tweakers.CoremodTweaker]
[12:15:07] [main/INFO] [LaunchWrapper]: Loading tweak class name net.minecraftforge.fml.common.launcher.FMLTweaker
[12:15:07] [main/INFO] [LaunchWrapper]: Using primary tweak class name net.minecraftforge.fml.common.launcher.FMLTweaker
[12:15:07] [main/INFO] [LaunchWrapper]: Loading tweak class name net.minecraftforge.gradle.tweakers.CoremodTweaker
[12:15:07] [main/INFO] [LaunchWrapper]: Calling tweak class net.minecraftforge.fml.common.launcher.FMLTweaker
[12:23:41] [main/INFO] [GradleStart]: Extra: []
[12:23:41] [main/INFO] [GradleStart]: Running with arguments: [--userProperties, {}, --assetsDir, /Users/mminaie/.gradle/caches/minecraft/assets, --assetIndex, 1.11, --accessToken{REDACTED}, --version, 1.11, --tweakClass, net.minecraftforge.fml.common.launcher.FMLTweaker, --tweakClass, net.minecraftforge.gradle.tweakers.CoremodTweaker]
[12:23:41] [main/INFO] [LaunchWrapper]: Loading tweak class name net.minecraftforge.fml.common.launcher.FMLTweaker
[12:23:41] [main/INFO] [LaunchWrapper]: Using primary tweak class name net.minecraftforge.fml.common.launcher.FMLTweaker
[12:23:41] [main/INFO] [LaunchWrapper]: Loading tweak class name net.minecraftforge.gradle.tweakers.CoremodTweaker
[12:23:41] [main/INFO] [LaunchWrapper]: Calling tweak class net.minecraftforge.fml.common.launcher.FMLTweaker
[12:34:22] [main/INFO] [GradleStart]: Extra: []
[12:34:22] [main/INFO] [GradleStart]: Running with arguments: [--userProperties, {}, --assetsDir, /Users/mminaie/.gradle/caches/minecraft/assets, --assetIndex, 1.11, --accessToken{REDACTED}, --version, 1.11, --tweakClass, net.minecraftforge.fml.common.launcher.FMLTweaker, --tweakClass, net.minecraftforge.gradle.tweakers.CoremodTweaker]
[12:34:22] [main/INFO] [LaunchWrapper]: Loading tweak class name net.minecraftforge.fml.common.launcher.FMLTweaker
[12:34:22] [main/INFO] [LaunchWrapper]: Using primary tweak class name net.minecraftforge.fml.common.launcher.FMLTweaker
[12:34:22] [main/INFO] [LaunchWrapper]: Loading tweak class name net.minecraftforge.gradle.tweakers.CoremodTweaker
[12:34:22] [main/INFO] [LaunchWrapper]: Calling tweak class net.minecraftforge.fml.common.launcher.FMLTweaker
[12:35:47] [main/INFO] [GradleStart]: Extra: []
[12:35:47] [main/INFO] [GradleStart]: Running with arguments: [--userProperties, {}, --assetsDir, /Users/mminaie/.gradle/caches/minecraft/assets, --assetIndex, 1.11, --accessToken{REDACTED}, --version, 1.11, --tweakClass, net.minecraftforge.fml.common.launcher.FMLTweaker, --tweakClass, net.minecraftforge.gradle.tweakers.CoremodTweaker]
[12:35:47] [main/INFO] [LaunchWrapper]: Loading tweak class name net.minecraftforge.fml.common.launcher.FMLTweaker
[12:35:47] [main/INFO] [LaunchWrapper]: Using primary tweak class name net.minecraftforge.fml.common.launcher.FMLTweaker
[12:35:47] [main/INFO] [LaunchWrapper]: Loading tweak class name net.minecraftforge.gradle.tweakers.CoremodTweaker
[12:35:47] [main/INFO] [LaunchWrapper]: Calling tweak class net.minecraftforge.fml.common.launcher.FMLTweaker
[12:37:10] [main/INFO] [GradleStart]: Extra: []
[12:37:10] [main/INFO] [GradleStart]: Running with arguments: [--userProperties, {}, --assetsDir, /Users/mminaie/.gradle/caches/minecraft/assets, --assetIndex, 1.11, --accessToken{REDACTED}, --version, 1.11, --tweakClass, net.minecraftforge.fml.common.launcher.FMLTweaker, --tweakClass, net.minecraftforge.gradle.tweakers.CoremodTweaker]
[12:37:10] [main/INFO] [LaunchWrapper]: Loading tweak class name net.minecraftforge.fml.common.launcher.FMLTweaker
[12:37:10] [main/INFO] [LaunchWrapper]: Using primary tweak class name net.minecraftforge.fml.common.launcher.FMLTweaker
[12:37:10] [main/INFO] [LaunchWrapper]: Loading tweak class name net.minecraftforge.gradle.tweakers.CoremodTweaker
[12:37:10] [main/INFO] [LaunchWrapper]: Calling tweak class net.minecraftforge.fml.common.launcher.FMLTweaker
[12:40:55] [main/INFO] [GradleStart]: Extra: []
[12:40:55] [main/INFO] [GradleStart]: Running with arguments: [--userProperties, {}, --assetsDir, /Users/mminaie/.gradle/caches/minecraft/assets, --assetIndex, 1.11, --accessToken{REDACTED}, --version, 1.11, --tweakClass, net.minecraftforge.fml.common.launcher.FMLTweaker, --tweakClass, net.minecraftforge.gradle.tweakers.CoremodTweaker]
[12:40:55] [main/INFO] [LaunchWrapper]: Loading tweak class name net.minecraftforge.fml.common.launcher.FMLTweaker
[12:40:55] [main/INFO] [LaunchWrapper]: Using primary tweak class name net.minecraftforge.fml.common.launcher.FMLTweaker
[12:40:55] [main/INFO] [LaunchWrapper]: Loading tweak class name net.minecraftforge.gradle.tweakers.CoremodTweaker
[12:40:55] [main/INFO] [LaunchWrapper]: Calling tweak class net.minecraftforge.fml.common.launcher.FMLTweaker
[12:43:58] [main/INFO] [GradleStart]: Extra: []
[12:43:58] [main/INFO] [GradleStart]: Running with arguments: [--userProperties, {}, --assetsDir, /Users/mminaie/.gradle/caches/minecraft/assets, --assetIndex, 1.11, --accessToken{REDACTED}, --version, 1.11, --tweakClass, net.minecraftforge.fml.common.launcher.FMLTweaker, --tweakClass, net.minecraftforge.gradle.tweakers.CoremodTweaker]
[12:43:58] [main/INFO] [LaunchWrapper]: Loading tweak class name net.minecraftforge.fml.common.launcher.FMLTweaker
[12:43:58] [main/INFO] [LaunchWrapper]: Using primary tweak class name net.minecraftforge.fml.common.launcher.FMLTweaker
[12:43:58] [main/INFO] [LaunchWrapper]: Loading tweak class name net.minecraftforge.gradle.tweakers.CoremodTweaker
[12:43:58] [main/INFO] [LaunchWrapper]: Calling tweak class net.minecraftforge.fml.common.launcher.FMLTweaker
[12:45:26] [main/INFO] [GradleStart]: Extra: []
[12:45:26] [main/INFO] [GradleStart]: Running with arguments: [--userProperties, {}, --assetsDir, /Users/mminaie/.gradle/caches/minecraft/assets, --assetIndex, 1.11, --accessToken{REDACTED}, --version, 1.11, --tweakClass, net.minecraftforge.fml.common.launcher.FMLTweaker, --tweakClass, net.minecraftforge.gradle.tweakers.CoremodTweaker]
[12:45:26] [main/INFO] [LaunchWrapper]: Loading tweak class name net.minecraftforge.fml.common.launcher.FMLTweaker
[12:45:26] [main/INFO] [LaunchWrapper]: Using primary tweak class name net.minecraftforge.fml.common.launcher.FMLTweaker
[12:45:26] [main/INFO] [LaunchWrapper]: Loading tweak class name net.minecraftforge.gradle.tweakers.CoremodTweaker
[12:45:26] [main/INFO] [LaunchWrapper]: Calling tweak class net.minecraftforge.fml.common.launcher.FMLTweaker
[12:46:30] [main/INFO] [GradleStart]: Extra: []
[12:46:30] [main/INFO] [GradleStart]: Running with arguments: [--userProperties, {}, --assetsDir, /Users/mminaie/.gradle/caches/minecraft/assets, --assetIndex, 1.11, --accessToken{REDACTED}, --version, 1.11, --tweakClass, net.minecraftforge.fml.common.launcher.FMLTweaker, --tweakClass, net.minecraftforge.gradle.tweakers.CoremodTweaker]
[12:46:30] [main/INFO] [LaunchWrapper]: Loading tweak class name net.minecraftforge.fml.common.launcher.FMLTweaker
[12:46:30] [main/INFO] [LaunchWrapper]: Using primary tweak class name net.minecraftforge.fml.common.launcher.FMLTweaker
[12:46:30] [main/INFO] [LaunchWrapper]: Loading tweak class name net.minecraftforge.gradle.tweakers.CoremodTweaker
[12:46:30] [main/INFO] [LaunchWrapper]: Calling tweak class net.minecraftforge.fml.common.launcher.FMLTweaker
[12:48:37] [main/INFO] [GradleStart]: Extra: []
[12:48:37] [main/INFO] [GradleStart]: Running with arguments: [--userProperties, {}, --assetsDir, /Users/mminaie/.gradle/caches/minecraft/assets, --assetIndex, 1.11, --accessToken{REDACTED}, --version, 1.11, --tweakClass, net.minecraftforge.fml.common.launcher.FMLTweaker, --tweakClass, net.minecraftforge.gradle.tweakers.CoremodTweaker]
[12:48:37] [main/INFO] [LaunchWrapper]: Loading tweak class name net.minecraftforge.fml.common.launcher.FMLTweaker
[12:48:37] [main/INFO] [LaunchWrapper]: Using primary tweak class name net.minecraftforge.fml.common.launcher.FMLTweaker
[12:48:37] [main/INFO] [LaunchWrapper]: Loading tweak class name net.minecraftforge.gradle.tweakers.CoremodTweaker
[12:48:37] [main/INFO] [LaunchWrapper]: Calling tweak class net.minecraftforge.fml.common.launcher.FMLTweaker
[12:49:37] [main/INFO] [GradleStart]: Extra: []
[12:49:37] [main/INFO] [GradleStart]: Running with arguments: [--userProperties, {}, --assetsDir, /Users/mminaie/.gradle/caches/minecraft/assets, --assetIndex, 1.11, --accessToken{REDACTED}, --version, 1.11, --tweakClass, net.minecraftforge.fml.common.launcher.FMLTweaker, --tweakClass, net.minecraftforge.gradle.tweakers.CoremodTweaker]
[12:49:37] [main/INFO] [LaunchWrapper]: Loading tweak class name net.minecraftforge.fml.common.launcher.FMLTweaker
[12:49:37] [main/INFO] [LaunchWrapper]: Using primary tweak class name net.minecraftforge.fml.common.launcher.FMLTweaker
[12:49:37] [main/INFO] [LaunchWrapper]: Loading tweak class name net.minecraftforge.gradle.tweakers.CoremodTweaker
[12:49:37] [main/INFO] [LaunchWrapper]: Calling tweak class net.minecraftforge.fml.common.launcher.FMLTweaker
[12:50:27] [main/INFO] [GradleStart]: Extra: []
[12:50:27] [main/INFO] [GradleStart]: Running with arguments: [--userProperties, {}, --assetsDir, /Users/mminaie/.gradle/caches/minecraft/assets, --assetIndex, 1.11, --accessToken{REDACTED}, --version, 1.11, --tweakClass, net.minecraftforge.fml.common.launcher.FMLTweaker, --tweakClass, net.minecraftforge.gradle.tweakers.CoremodTweaker]
[12:50:27] [main/INFO] [LaunchWrapper]: Loading tweak class name net.minecraftforge.fml.common.launcher.FMLTweaker
[12:50:27] [main/INFO] [LaunchWrapper]: Using primary tweak class name net.minecraftforge.fml.common.launcher.FMLTweaker
[12:50:27] [main/INFO] [LaunchWrapper]: Loading tweak class name net.minecraftforge.gradle.tweakers.CoremodTweaker
[12:50:27] [main/INFO] [LaunchWrapper]: Calling tweak class net.minecraftforge.fml.common.launcher.FMLTweaker
[12:51:30] [main/INFO] [GradleStart]: Extra: []
[12:51:30] [main/INFO] [GradleStart]: Running with arguments: [--userProperties, {}, --assetsDir, /Users/mminaie/.gradle/caches/minecraft/assets, --assetIndex, 1.11, --accessToken{REDACTED}, --version, 1.11, --tweakClass, net.minecraftforge.fml.common.launcher.FMLTweaker, --tweakClass, net.minecraftforge.gradle.tweakers.CoremodTweaker]
[12:51:30] [main/INFO] [LaunchWrapper]: Loading tweak class name net.minecraftforge.fml.common.launcher.FMLTweaker
[12:51:30] [main/INFO] [LaunchWrapper]: Using primary tweak class name net.minecraftforge.fml.common.launcher.FMLTweaker
[12:51:30] [main/INFO] [LaunchWrapper]: Loading tweak class name net.minecraftforge.gradle.tweakers.CoremodTweaker
[12:51:30] [main/INFO] [LaunchWrapper]: Calling tweak class net.minecraftforge.fml.common.launcher.FMLTweaker
[13:07:29] [main/INFO] [GradleStart]: Extra: []
[13:07:30] [main/INFO] [GradleStart]: Running with arguments: [--userProperties, {}, --assetsDir, /Users/mminaie/.gradle/caches/minecraft/assets, --assetIndex, 1.11, --accessToken{REDACTED}, --version, 1.11, --tweakClass, net.minecraftforge.fml.common.launcher.FMLTweaker, --tweakClass, net.minecraftforge.gradle.tweakers.CoremodTweaker]
[13:07:30] [main/INFO] [LaunchWrapper]: Loading tweak class name net.minecraftforge.fml.common.launcher.FMLTweaker
[13:07:30] [main/INFO] [LaunchWrapper]: Using primary tweak class name net.minecraftforge.fml.common.launcher.FMLTweaker
[13:07:30] [main/INFO] [LaunchWrapper]: Loading tweak class name net.minecraftforge.gradle.tweakers.CoremodTweaker
[13:07:30] [main/INFO] [LaunchWrapper]: Calling tweak class net.minecraftforge.fml.common.launcher.FMLTweaker
[14:36:33] [main/INFO] [GradleStart]: Extra: []
[14:36:33] [main/INFO] [GradleStart]: Running with arguments: [--userProperties, {}, --assetsDir, /Users/mminaie/.gradle/caches/minecraft/assets, --assetIndex, 1.11, --accessToken{REDACTED}, --version, 1.11, --tweakClass, net.minecraftforge.fml.common.launcher.FMLTweaker, --tweakClass, net.minecraftforge.gradle.tweakers.CoremodTweaker]
[14:36:33] [main/INFO] [LaunchWrapper]: Loading tweak class name net.minecraftforge.fml.common.launcher.FMLTweaker
[14:36:33] [main/INFO] [LaunchWrapper]: Using primary tweak class name net.minecraftforge.fml.common.launcher.FMLTweaker
[14:36:33] [main/INFO] [LaunchWrapper]: Loading tweak class name net.minecraftforge.gradle.tweakers.CoremodTweaker
[14:36:33] [main/INFO] [LaunchWrapper]: Calling tweak class net.minecraftforge.fml.common.launcher.FMLTweaker
[14:46:43] [main/INFO] [GradleStart]: Extra: []
[14:46:43] [main/INFO] [GradleStart]: Running with arguments: [--userProperties, {}, --assetsDir, /Users/mminaie/.gradle/caches/minecraft/assets, --assetIndex, 1.11, --accessToken{REDACTED}, --version, 1.11, --tweakClass, net.minecraftforge.fml.common.launcher.FMLTweaker, --tweakClass, net.minecraftforge.gradle.tweakers.CoremodTweaker]
[14:46:43] [main/INFO] [LaunchWrapper]: Loading tweak class name net.minecraftforge.fml.common.launcher.FMLTweaker
[14:46:43] [main/INFO] [LaunchWrapper]: Using primary tweak class name net.minecraftforge.fml.common.launcher.FMLTweaker
[14:46:43] [main/INFO] [LaunchWrapper]: Loading tweak class name net.minecraftforge.gradle.tweakers.CoremodTweaker
[14:46:43] [main/INFO] [LaunchWrapper]: Calling tweak class net.minecraftforge.fml.common.launcher.FMLTweaker
[21:07:26] [main/INFO] [GradleStart]: Extra: []
[21:07:26] [main/INFO] [GradleStart]: Running with arguments: [--userProperties, {}, --assetsDir, /Users/mminaie/.gradle/caches/minecraft/assets, --assetIndex, 1.11, --accessToken{REDACTED}, --version, 1.11, --tweakClass, net.minecraftforge.fml.common.launcher.FMLTweaker, --tweakClass, net.minecraftforge.gradle.tweakers.CoremodTweaker]
[21:07:27] [main/INFO] [LaunchWrapper]: Loading tweak class name net.minecraftforge.fml.common.launcher.FMLTweaker
[21:07:27] [main/INFO] [LaunchWrapper]: Using primary tweak class name net.minecraftforge.fml.common.launcher.FMLTweaker
[21:07:27] [main/INFO] [LaunchWrapper]: Loading tweak class name net.minecraftforge.gradle.tweakers.CoremodTweaker
[21:07:27] [main/INFO] [LaunchWrapper]: Calling tweak class net.minecraftforge.fml.common.launcher.FMLTweaker
[21:19:01] [main/INFO] [GradleStart]: Extra: []
[21:19:01] [main/INFO] [GradleStart]: Running with arguments: [--userProperties, {}, --assetsDir, /Users/mminaie/.gradle/caches/minecraft/assets, --assetIndex, 1.11, --accessToken{REDACTED}, --version, 1.11, --tweakClass, net.minecraftforge.fml.common.launcher.FMLTweaker, --tweakClass, net.minecraftforge.gradle.tweakers.CoremodTweaker]
[21:19:01] [main/INFO] [LaunchWrapper]: Loading tweak class name net.minecraftforge.fml.common.launcher.FMLTweaker
[21:19:01] [main/INFO] [LaunchWrapper]: Using primary tweak class name net.minecraftforge.fml.common.launcher.FMLTweaker
[21:19:01] [main/INFO] [LaunchWrapper]: Loading tweak class name net.minecraftforge.gradle.tweakers.CoremodTweaker
[21:19:01] [main/INFO] [LaunchWrapper]: Calling tweak class net.minecraftforge.fml.common.launcher.FMLTweaker
[21:19:59] [main/INFO] [GradleStart]: Extra: []
[21:19:59] [main/INFO] [GradleStart]: Running with arguments: [--userProperties, {}, --assetsDir, /Users/mminaie/.gradle/caches/minecraft/assets, --assetIndex, 1.11, --accessToken{REDACTED}, --version, 1.11, --tweakClass, net.minecraftforge.fml.common.launcher.FMLTweaker, --tweakClass, net.minecraftforge.gradle.tweakers.CoremodTweaker]
[21:19:59] [main/INFO] [LaunchWrapper]: Loading tweak class name net.minecraftforge.fml.common.launcher.FMLTweaker
[21:19:59] [main/INFO] [LaunchWrapper]: Using primary tweak class name net.minecraftforge.fml.common.launcher.FMLTweaker
[21:19:59] [main/INFO] [LaunchWrapper]: Loading tweak class name net.minecraftforge.gradle.tweakers.CoremodTweaker
[21:19:59] [main/INFO] [LaunchWrapper]: Calling tweak class net.minecraftforge.fml.common.launcher.FMLTweaker
[21:23:03] [main/INFO] [GradleStart]: Extra: []
[21:23:03] [main/INFO] [GradleStart]: Running with arguments: [--userProperties, {}, --assetsDir, /Users/mminaie/.gradle/caches/minecraft/assets, --assetIndex, 1.11, --accessToken{REDACTED}, --version, 1.11, --tweakClass, net.minecraftforge.fml.common.launcher.FMLTweaker, --tweakClass, net.minecraftforge.gradle.tweakers.CoremodTweaker]
[21:23:03] [main/INFO] [LaunchWrapper]: Loading tweak class name net.minecraftforge.fml.common.launcher.FMLTweaker
[21:23:03] [main/INFO] [LaunchWrapper]: Using primary tweak class name net.minecraftforge.fml.common.launcher.FMLTweaker
[21:23:03] [main/INFO] [LaunchWrapper]: Loading tweak class name net.minecraftforge.gradle.tweakers.CoremodTweaker
[21:23:03] [main/INFO] [LaunchWrapper]: Calling tweak class net.minecraftforge.fml.common.launcher.FMLTweaker
[21:35:31] [main/INFO] [GradleStart]: Extra: []
[21:35:31] [main/INFO] [GradleStart]: Running with arguments: [--userProperties, {}, --assetsDir, /Users/mminaie/.gradle/caches/minecraft/assets, --assetIndex, 1.11, --accessToken{REDACTED}, --version, 1.11, --tweakClass, net.minecraftforge.fml.common.launcher.FMLTweaker, --tweakClass, net.minecraftforge.gradle.tweakers.CoremodTweaker]
[21:35:31] [main/INFO] [LaunchWrapper]: Loading tweak class name net.minecraftforge.fml.common.launcher.FMLTweaker
[21:35:31] [main/INFO] [LaunchWrapper]: Using primary tweak class name net.minecraftforge.fml.common.launcher.FMLTweaker
[21:35:31] [main/INFO] [LaunchWrapper]: Loading tweak class name net.minecraftforge.gradle.tweakers.CoremodTweaker
[21:35:31] [main/INFO] [LaunchWrapper]: Calling tweak class net.minecraftforge.fml.common.launcher.FMLTweaker
[21:46:02] [main/INFO] [GradleStart]: Extra: []
[21:46:02] [main/INFO] [GradleStart]: Running with arguments: [--userProperties, {}, --assetsDir, /Users/mminaie/.gradle/caches/minecraft/assets, --assetIndex, 1.11, --accessToken{REDACTED}, --version, 1.11, --tweakClass, net.minecraftforge.fml.common.launcher.FMLTweaker, --tweakClass, net.minecraftforge.gradle.tweakers.CoremodTweaker]
[21:46:02] [main/INFO] [LaunchWrapper]: Loading tweak class name net.minecraftforge.fml.common.launcher.FMLTweaker
[21:46:02] [main/INFO] [LaunchWrapper]: Using primary tweak class name net.minecraftforge.fml.common.launcher.FMLTweaker
[21:46:02] [main/INFO] [LaunchWrapper]: Loading tweak class name net.minecraftforge.gradle.tweakers.CoremodTweaker
[21:46:02] [main/INFO] [LaunchWrapper]: Calling tweak class net.minecraftforge.fml.common.launcher.FMLTweaker
[21:57:44] [main/INFO] [GradleStart]: Extra: []
[21:57:44] [main/INFO] [GradleStart]: Running with arguments: [--userProperties, {}, --assetsDir, /Users/mminaie/.gradle/caches/minecraft/assets, --assetIndex, 1.11, --accessToken{REDACTED}, --version, 1.11, --tweakClass, net.minecraftforge.fml.common.launcher.FMLTweaker, --tweakClass, net.minecraftforge.gradle.tweakers.CoremodTweaker]
[21:57:44] [main/INFO] [LaunchWrapper]: Loading tweak class name net.minecraftforge.fml.common.launcher.FMLTweaker
[21:57:44] [main/INFO] [LaunchWrapper]: Using primary tweak class name net.minecraftforge.fml.common.launcher.FMLTweaker
[21:57:44] [main/INFO] [LaunchWrapper]: Loading tweak class name net.minecraftforge.gradle.tweakers.CoremodTweaker
[21:57:44] [main/INFO] [LaunchWrapper]: Calling tweak class net.minecraftforge.fml.common.launcher.FMLTweaker
[21:59:02] [main/INFO] [GradleStart]: Extra: []
[21:59:02] [main/INFO] [GradleStart]: Running with arguments: [--userProperties, {}, --assetsDir, /Users/mminaie/.gradle/caches/minecraft/assets, --assetIndex, 1.11, --accessToken{REDACTED}, --version, 1.11, --tweakClass, net.minecraftforge.fml.common.launcher.FMLTweaker, --tweakClass, net.minecraftforge.gradle.tweakers.CoremodTweaker]
[21:59:02] [main/INFO] [LaunchWrapper]: Loading tweak class name net.minecraftforge.fml.common.launcher.FMLTweaker
[21:59:02] [main/INFO] [LaunchWrapper]: Using primary tweak class name net.minecraftforge.fml.common.launcher.FMLTweaker
[21:59:02] [main/INFO] [LaunchWrapper]: Loading tweak class name net.minecraftforge.gradle.tweakers.CoremodTweaker
[21:59:02] [main/INFO] [LaunchWrapper]: Calling tweak class net.minecraftforge.fml.common.launcher.FMLTweaker
[22:34:58] [main/INFO] [GradleStart]: Extra: []
[22:34:58] [main/INFO] [GradleStart]: Running with arguments: [--userProperties, {}, --assetsDir, /Users/mminaie/.gradle/caches/minecraft/assets, --assetIndex, 1.11, --accessToken{REDACTED}, --version, 1.11, --tweakClass, net.minecraftforge.fml.common.launcher.FMLTweaker, --tweakClass, net.minecraftforge.gradle.tweakers.CoremodTweaker]
[22:34:58] [main/INFO] [LaunchWrapper]: Loading tweak class name net.minecraftforge.fml.common.launcher.FMLTweaker
[22:34:58] [main/INFO] [LaunchWrapper]: Using primary tweak class name net.minecraftforge.fml.common.launcher.FMLTweaker
[22:34:58] [main/INFO] [LaunchWrapper]: Loading tweak class name net.minecraftforge.gradle.tweakers.CoremodTweaker
[22:34:58] [main/INFO] [LaunchWrapper]: Calling tweak class net.minecraftforge.fml.common.launcher.FMLTweaker
[22:36:41] [main/INFO] [GradleStart]: Extra: []
[22:36:41] [main/INFO] [GradleStart]: Running with arguments: [--userProperties, {}, --assetsDir, /Users/mminaie/.gradle/caches/minecraft/assets, --assetIndex, 1.11, --accessToken{REDACTED}, --version, 1.11, --tweakClass, net.minecraftforge.fml.common.launcher.FMLTweaker, --tweakClass, net.minecraftforge.gradle.tweakers.CoremodTweaker]
[22:36:41] [main/INFO] [LaunchWrapper]: Loading tweak class name net.minecraftforge.fml.common.launcher.FMLTweaker
[22:36:41] [main/INFO] [LaunchWrapper]: Using primary tweak class name net.minecraftforge.fml.common.launcher.FMLTweaker
[22:36:41] [main/INFO] [LaunchWrapper]: Loading tweak class name net.minecraftforge.gradle.tweakers.CoremodTweaker
[22:36:41] [main/INFO] [LaunchWrapper]: Calling tweak class net.minecraftforge.fml.common.launcher.FMLTweaker
[22:37:44] [main/INFO] [GradleStart]: Extra: []
[22:37:44] [main/INFO] [GradleStart]: Running with arguments: [--userProperties, {}, --assetsDir, /Users/mminaie/.gradle/caches/minecraft/assets, --assetIndex, 1.11, --accessToken{REDACTED}, --version, 1.11, --tweakClass, net.minecraftforge.fml.common.launcher.FMLTweaker, --tweakClass, net.minecraftforge.gradle.tweakers.CoremodTweaker]
[22:37:44] [main/INFO] [LaunchWrapper]: Loading tweak class name net.minecraftforge.fml.common.launcher.FMLTweaker
[22:37:44] [main/INFO] [LaunchWrapper]: Using primary tweak class name net.minecraftforge.fml.common.launcher.FMLTweaker
[22:37:44] [main/INFO] [LaunchWrapper]: Loading tweak class name net.minecraftforge.gradle.tweakers.CoremodTweaker
[22:37:44] [main/INFO] [LaunchWrapper]: Calling tweak class net.minecraftforge.fml.common.launcher.FMLTweaker
[22:40:54] [main/INFO] [GradleStart]: Extra: []
[22:40:54] [main/INFO] [GradleStart]: Running with arguments: [--userProperties, {}, --assetsDir, /Users/mminaie/.gradle/caches/minecraft/assets, --assetIndex, 1.11, --accessToken{REDACTED}, --version, 1.11, --tweakClass, net.minecraftforge.fml.common.launcher.FMLTweaker, --tweakClass, net.minecraftforge.gradle.tweakers.CoremodTweaker]
[22:40:54] [main/INFO] [LaunchWrapper]: Loading tweak class name net.minecraftforge.fml.common.launcher.FMLTweaker
[22:40:54] [main/INFO] [LaunchWrapper]: Using primary tweak class name net.minecraftforge.fml.common.launcher.FMLTweaker
[22:40:54] [main/INFO] [LaunchWrapper]: Loading tweak class name net.minecraftforge.gradle.tweakers.CoremodTweaker
[22:40:54] [main/INFO] [LaunchWrapper]: Calling tweak class net.minecraftforge.fml.common.launcher.FMLTweaker
[22:42:05] [main/INFO] [GradleStart]: Extra: []
[22:42:05] [main/INFO] [GradleStart]: Running with arguments: [--userProperties, {}, --assetsDir, /Users/mminaie/.gradle/caches/minecraft/assets, --assetIndex, 1.11, --accessToken{REDACTED}, --version, 1.11, --tweakClass, net.minecraftforge.fml.common.launcher.FMLTweaker, --tweakClass, net.minecraftforge.gradle.tweakers.CoremodTweaker]
[22:42:05] [main/INFO] [LaunchWrapper]: Loading tweak class name net.minecraftforge.fml.common.launcher.FMLTweaker
[22:42:05] [main/INFO] [LaunchWrapper]: Using primary tweak class name net.minecraftforge.fml.common.launcher.FMLTweaker
[22:42:05] [main/INFO] [LaunchWrapper]: Loading tweak class name net.minecraftforge.gradle.tweakers.CoremodTweaker
[22:42:05] [main/INFO] [LaunchWrapper]: Calling tweak class net.minecraftforge.fml.common.launcher.FMLTweaker
[22:43:24] [main/INFO] [GradleStart]: Extra: []
[22:43:24] [main/INFO] [GradleStart]: Running with arguments: [--userProperties, {}, --assetsDir, /Users/mminaie/.gradle/caches/minecraft/assets, --assetIndex, 1.11, --accessToken{REDACTED}, --version, 1.11, --tweakClass, net.minecraftforge.fml.common.launcher.FMLTweaker, --tweakClass, net.minecraftforge.gradle.tweakers.CoremodTweaker]
[22:43:24] [main/INFO] [LaunchWrapper]: Loading tweak class name net.minecraftforge.fml.common.launcher.FMLTweaker
[22:43:24] [main/INFO] [LaunchWrapper]: Using primary tweak class name net.minecraftforge.fml.common.launcher.FMLTweaker
[22:43:24] [main/INFO] [LaunchWrapper]: Loading tweak class name net.minecraftforge.gradle.tweakers.CoremodTweaker
[22:43:24] [main/INFO] [LaunchWrapper]: Calling tweak class net.minecraftforge.fml.common.launcher.FMLTweaker
[22:44:23] [main/INFO] [GradleStart]: Extra: []
[22:44:23] [main/INFO] [GradleStart]: Running with arguments: [--userProperties, {}, --assetsDir, /Users/mminaie/.gradle/caches/minecraft/assets, --assetIndex, 1.11, --accessToken{REDACTED}, --version, 1.11, --tweakClass, net.minecraftforge.fml.common.launcher.FMLTweaker, --tweakClass, net.minecraftforge.gradle.tweakers.CoremodTweaker]
[22:44:23] [main/INFO] [LaunchWrapper]: Loading tweak class name net.minecraftforge.fml.common.launcher.FMLTweaker
[22:44:23] [main/INFO] [LaunchWrapper]: Using primary tweak class name net.minecraftforge.fml.common.launcher.FMLTweaker
[22:44:23] [main/INFO] [LaunchWrapper]: Loading tweak class name net.minecraftforge.gradle.tweakers.CoremodTweaker
[22:44:23] [main/INFO] [LaunchWrapper]: Calling tweak class net.minecraftforge.fml.common.launcher.FMLTweaker
[22:45:14] [main/INFO] [GradleStart]: Extra: []
[22:45:14] [main/INFO] [GradleStart]: Running with arguments: [--userProperties, {}, --assetsDir, /Users/mminaie/.gradle/caches/minecraft/assets, --assetIndex, 1.11, --accessToken{REDACTED}, --version, 1.11, --tweakClass, net.minecraftforge.fml.common.launcher.FMLTweaker, --tweakClass, net.minecraftforge.gradle.tweakers.CoremodTweaker]
[22:45:14] [main/INFO] [LaunchWrapper]: Loading tweak class name net.minecraftforge.fml.common.launcher.FMLTweaker
[22:45:14] [main/INFO] [LaunchWrapper]: Using primary tweak class name net.minecraftforge.fml.common.launcher.FMLTweaker
[22:45:14] [main/INFO] [LaunchWrapper]: Loading tweak class name net.minecraftforge.gradle.tweakers.CoremodTweaker
[22:45:14] [main/INFO] [LaunchWrapper]: Calling tweak class net.minecraftforge.fml.common.launcher.FMLTweaker
[22:46:51] [main/INFO] [GradleStart]: Extra: []
[22:46:51] [main/INFO] [GradleStart]: Running with arguments: [--userProperties, {}, --assetsDir, /Users/mminaie/.gradle/caches/minecraft/assets, --assetIndex, 1.11, --accessToken{REDACTED}, --version, 1.11, --tweakClass, net.minecraftforge.fml.common.launcher.FMLTweaker, --tweakClass, net.minecraftforge.gradle.tweakers.CoremodTweaker]
[22:46:51] [main/INFO] [LaunchWrapper]: Loading tweak class name net.minecraftforge.fml.common.launcher.FMLTweaker
[22:46:51] [main/INFO] [LaunchWrapper]: Using primary tweak class name net.minecraftforge.fml.common.launcher.FMLTweaker
[22:46:51] [main/INFO] [LaunchWrapper]: Loading tweak class name net.minecraftforge.gradle.tweakers.CoremodTweaker
[22:46:51] [main/INFO] [LaunchWrapper]: Calling tweak class net.minecraftforge.fml.common.launcher.FMLTweaker
[22:48:01] [main/INFO] [GradleStart]: Extra: []
[22:48:01] [main/INFO] [GradleStart]: Running with arguments: [--userProperties, {}, --assetsDir, /Users/mminaie/.gradle/caches/minecraft/assets, --assetIndex, 1.11, --accessToken{REDACTED}, --version, 1.11, --tweakClass, net.minecraftforge.fml.common.launcher.FMLTweaker, --tweakClass, net.minecraftforge.gradle.tweakers.CoremodTweaker]
[22:48:01] [main/INFO] [LaunchWrapper]: Loading tweak class name net.minecraftforge.fml.common.launcher.FMLTweaker
[22:48:01] [main/INFO] [LaunchWrapper]: Using primary tweak class name net.minecraftforge.fml.common.launcher.FMLTweaker
[22:48:01] [main/INFO] [LaunchWrapper]: Loading tweak class name net.minecraftforge.gradle.tweakers.CoremodTweaker
[22:48:01] [main/INFO] [LaunchWrapper]: Calling tweak class net.minecraftforge.fml.common.launcher.FMLTweaker
[22:57:48] [main/INFO] [GradleStart]: Extra: []
[22:57:48] [main/INFO] [GradleStart]: Running with arguments: [--userProperties, {}, --assetsDir, /Users/mminaie/.gradle/caches/minecraft/assets, --assetIndex, 1.11, --accessToken{REDACTED}, --version, 1.11, --tweakClass, net.minecraftforge.fml.common.launcher.FMLTweaker, --tweakClass, net.minecraftforge.gradle.tweakers.CoremodTweaker]
[22:57:48] [main/INFO] [LaunchWrapper]: Loading tweak class name net.minecraftforge.fml.common.launcher.FMLTweaker
[22:57:48] [main/INFO] [LaunchWrapper]: Using primary tweak class name net.minecraftforge.fml.common.launcher.FMLTweaker
[22:57:48] [main/INFO] [LaunchWrapper]: Loading tweak class name net.minecraftforge.gradle.tweakers.CoremodTweaker
[22:57:48] [main/INFO] [LaunchWrapper]: Calling tweak class net.minecraftforge.fml.common.launcher.FMLTweaker
[23:00:30] [main/INFO] [GradleStart]: Extra: []
[23:00:30] [main/INFO] [GradleStart]: Running with arguments: [--userProperties, {}, --assetsDir, /Users/mminaie/.gradle/caches/minecraft/assets, --assetIndex, 1.11, --accessToken{REDACTED}, --version, 1.11, --tweakClass, net.minecraftforge.fml.common.launcher.FMLTweaker, --tweakClass, net.minecraftforge.gradle.tweakers.CoremodTweaker]
[23:00:30] [main/INFO] [LaunchWrapper]: Loading tweak class name net.minecraftforge.fml.common.launcher.FMLTweaker
[23:00:30] [main/INFO] [LaunchWrapper]: Using primary tweak class name net.minecraftforge.fml.common.launcher.FMLTweaker
[23:00:30] [main/INFO] [LaunchWrapper]: Loading tweak class name net.minecraftforge.gradle.tweakers.CoremodTweaker
[23:00:30] [main/INFO] [LaunchWrapper]: Calling tweak class net.minecraftforge.fml.common.launcher.FMLTweaker
[23:01:58] [main/INFO] [GradleStart]: Extra: []
[23:01:58] [main/INFO] [GradleStart]: Running with arguments: [--userProperties, {}, --assetsDir, /Users/mminaie/.gradle/caches/minecraft/assets, --assetIndex, 1.11, --accessToken{REDACTED}, --version, 1.11, --tweakClass, net.minecraftforge.fml.common.launcher.FMLTweaker, --tweakClass, net.minecraftforge.gradle.tweakers.CoremodTweaker]
[23:01:58] [main/INFO] [LaunchWrapper]: Loading tweak class name net.minecraftforge.fml.common.launcher.FMLTweaker
[23:01:58] [main/INFO] [LaunchWrapper]: Using primary tweak class name net.minecraftforge.fml.common.launcher.FMLTweaker
[23:01:58] [main/INFO] [LaunchWrapper]: Loading tweak class name net.minecraftforge.gradle.tweakers.CoremodTweaker
[23:01:58] [main/INFO] [LaunchWrapper]: Calling tweak class net.minecraftforge.fml.common.launcher.FMLTweaker
[23:02:50] [main/INFO] [GradleStart]: Extra: []
[23:02:50] [main/INFO] [GradleStart]: Running with arguments: [--userProperties, {}, --assetsDir, /Users/mminaie/.gradle/caches/minecraft/assets, --assetIndex, 1.11, --accessToken{REDACTED}, --version, 1.11, --tweakClass, net.minecraftforge.fml.common.launcher.FMLTweaker, --tweakClass, net.minecraftforge.gradle.tweakers.CoremodTweaker]
[23:02:50] [main/INFO] [LaunchWrapper]: Loading tweak class name net.minecraftforge.fml.common.launcher.FMLTweaker
[23:02:50] [main/INFO] [LaunchWrapper]: Using primary tweak class name net.minecraftforge.fml.common.launcher.FMLTweaker
[23:02:50] [main/INFO] [LaunchWrapper]: Loading tweak class name net.minecraftforge.gradle.tweakers.CoremodTweaker
[23:02:50] [main/INFO] [LaunchWrapper]: Calling tweak class net.minecraftforge.fml.common.launcher.FMLTweaker
[23:07:02] [main/INFO] [GradleStart]: Extra: []
[23:07:02] [main/INFO] [GradleStart]: Running with arguments: [--userProperties, {}, --assetsDir, /Users/mminaie/.gradle/caches/minecraft/assets, --assetIndex, 1.11, --accessToken{REDACTED}, --version, 1.11, --tweakClass, net.minecraftforge.fml.common.launcher.FMLTweaker, --tweakClass, net.minecraftforge.gradle.tweakers.CoremodTweaker]
[23:07:02] [main/INFO] [LaunchWrapper]: Loading tweak class name net.minecraftforge.fml.common.launcher.FMLTweaker
[23:07:02] [main/INFO] [LaunchWrapper]: Using primary tweak class name net.minecraftforge.fml.common.launcher.FMLTweaker
[23:07:02] [main/INFO] [LaunchWrapper]: Loading tweak class name net.minecraftforge.gradle.tweakers.CoremodTweaker
[23:07:02] [main/INFO] [LaunchWrapper]: Calling tweak class net.minecraftforge.fml.common.launcher.FMLTweaker
[01:58:44] [main/INFO] [GradleStart]: Extra: []
[01:58:44] [main/INFO] [GradleStart]: Running with arguments: [--userProperties, {}, --assetsDir, /Users/mminaie/.gradle/caches/minecraft/assets, --assetIndex, 1.11, --accessToken{REDACTED}, --version, 1.11, --tweakClass, net.minecraftforge.fml.common.launcher.FMLTweaker, --tweakClass, net.minecraftforge.gradle.tweakers.CoremodTweaker]
[01:58:45] [main/INFO] [LaunchWrapper]: Loading tweak class name net.minecraftforge.fml.common.launcher.FMLTweaker
[01:58:45] [main/INFO] [LaunchWrapper]: Using primary tweak class name net.minecraftforge.fml.common.launcher.FMLTweaker
[01:58:45] [main/INFO] [LaunchWrapper]: Loading tweak class name net.minecraftforge.gradle.tweakers.CoremodTweaker
[01:58:45] [main/INFO] [LaunchWrapper]: Calling tweak class net.minecraftforge.fml.common.launcher.FMLTweaker
[20:29:24] [main/INFO] [GradleStart]: Extra: []
[20:29:24] [main/INFO] [GradleStart]: Running with arguments: [--userProperties, {}, --assetsDir, /Users/mminaie/.gradle/caches/minecraft/assets, --assetIndex, 1.11, --accessToken{REDACTED}, --version, 1.11, --tweakClass, net.minecraftforge.fml.common.launcher.FMLTweaker, --tweakClass, net.minecraftforge.gradle.tweakers.CoremodTweaker]
[20:29:24] [main/INFO] [LaunchWrapper]: Loading tweak class name net.minecraftforge.fml.common.launcher.FMLTweaker
[20:29:24] [main/INFO] [LaunchWrapper]: Using primary tweak class name net.minecraftforge.fml.common.launcher.FMLTweaker
[20:29:24] [main/INFO] [LaunchWrapper]: Loading tweak class name net.minecraftforge.gradle.tweakers.CoremodTweaker
[20:29:24] [main/INFO] [LaunchWrapper]: Calling tweak class net.minecraftforge.fml.common.launcher.FMLTweaker
[20:36:08] [main/INFO] [GradleStart]: Extra: []
[20:36:08] [main/INFO] [GradleStart]: Running with arguments: [--userProperties, {}, --assetsDir, /Users/mminaie/.gradle/caches/minecraft/assets, --assetIndex, 1.11, --accessToken{REDACTED}, --version, 1.11, --tweakClass, net.minecraftforge.fml.common.launcher.FMLTweaker, --tweakClass, net.minecraftforge.gradle.tweakers.CoremodTweaker]
[20:36:08] [main/INFO] [LaunchWrapper]: Loading tweak class name net.minecraftforge.fml.common.launcher.FMLTweaker
[20:36:08] [main/INFO] [LaunchWrapper]: Using primary tweak class name net.minecraftforge.fml.common.launcher.FMLTweaker
[20:36:08] [main/INFO] [LaunchWrapper]: Loading tweak class name net.minecraftforge.gradle.tweakers.CoremodTweaker
[20:36:08] [main/INFO] [LaunchWrapper]: Calling tweak class net.minecraftforge.fml.common.launcher.FMLTweaker
[20:48:03] [main/INFO] [GradleStart]: Extra: []
[20:48:03] [main/INFO] [GradleStart]: Running with arguments: [--userProperties, {}, --assetsDir, /Users/mminaie/.gradle/caches/minecraft/assets, --assetIndex, 1.11, --accessToken{REDACTED}, --version, 1.11, --tweakClass, net.minecraftforge.fml.common.launcher.FMLTweaker, --tweakClass, net.minecraftforge.gradle.tweakers.CoremodTweaker]
[20:48:03] [main/INFO] [LaunchWrapper]: Loading tweak class name net.minecraftforge.fml.common.launcher.FMLTweaker
[20:48:03] [main/INFO] [LaunchWrapper]: Using primary tweak class name net.minecraftforge.fml.common.launcher.FMLTweaker
[20:48:03] [main/INFO] [LaunchWrapper]: Loading tweak class name net.minecraftforge.gradle.tweakers.CoremodTweaker
[20:48:03] [main/INFO] [LaunchWrapper]: Calling tweak class net.minecraftforge.fml.common.launcher.FMLTweaker
[20:50:14] [main/INFO] [GradleStart]: Extra: []
[20:50:14] [main/INFO] [GradleStart]: Running with arguments: [--userProperties, {}, --assetsDir, /Users/mminaie/.gradle/caches/minecraft/assets, --assetIndex, 1.11, --accessToken{REDACTED}, --version, 1.11, --tweakClass, net.minecraftforge.fml.common.launcher.FMLTweaker, --tweakClass, net.minecraftforge.gradle.tweakers.CoremodTweaker]
[20:50:14] [main/INFO] [LaunchWrapper]: Loading tweak class name net.minecraftforge.fml.common.launcher.FMLTweaker
[20:50:14] [main/INFO] [LaunchWrapper]: Using primary tweak class name net.minecraftforge.fml.common.launcher.FMLTweaker
[20:50:14] [main/INFO] [LaunchWrapper]: Loading tweak class name net.minecraftforge.gradle.tweakers.CoremodTweaker
[20:50:14] [main/INFO] [LaunchWrapper]: Calling tweak class net.minecraftforge.fml.common.launcher.FMLTweaker
[20:54:39] [main/INFO] [GradleStart]: Extra: []
[20:54:40] [main/INFO] [GradleStart]: Running with arguments: [--userProperties, {}, --assetsDir, /Users/mminaie/.gradle/caches/minecraft/assets, --assetIndex, 1.11, --accessToken{REDACTED}, --version, 1.11, --tweakClass, net.minecraftforge.fml.common.launcher.FMLTweaker, --tweakClass, net.minecraftforge.gradle.tweakers.CoremodTweaker]
[20:54:40] [main/INFO] [LaunchWrapper]: Loading tweak class name net.minecraftforge.fml.common.launcher.FMLTweaker
[20:54:40] [main/INFO] [LaunchWrapper]: Using primary tweak class name net.minecraftforge.fml.common.launcher.FMLTweaker
[20:54:40] [main/INFO] [LaunchWrapper]: Loading tweak class name net.minecraftforge.gradle.tweakers.CoremodTweaker
[20:54:40] [main/INFO] [LaunchWrapper]: Calling tweak class net.minecraftforge.fml.common.launcher.FMLTweaker
[21:14:04] [main/INFO] [GradleStart]: Extra: []
[21:14:04] [main/INFO] [GradleStart]: Running with arguments: [--userProperties, {}, --assetsDir, /Users/mminaie/.gradle/caches/minecraft/assets, --assetIndex, 1.11, --accessToken{REDACTED}, --version, 1.11, --tweakClass, net.minecraftforge.fml.common.launcher.FMLTweaker, --tweakClass, net.minecraftforge.gradle.tweakers.CoremodTweaker]
[21:14:04] [main/INFO] [LaunchWrapper]: Loading tweak class name net.minecraftforge.fml.common.launcher.FMLTweaker
[21:14:04] [main/INFO] [LaunchWrapper]: Using primary tweak class name net.minecraftforge.fml.common.launcher.FMLTweaker
[21:14:04] [main/INFO] [LaunchWrapper]: Loading tweak class name net.minecraftforge.gradle.tweakers.CoremodTweaker
[21:14:04] [main/INFO] [LaunchWrapper]: Calling tweak class net.minecraftforge.fml.common.launcher.FMLTweaker
[21:15:35] [main/INFO] [GradleStart]: Extra: []
[21:15:35] [main/INFO] [GradleStart]: Running with arguments: [--userProperties, {}, --assetsDir, /Users/mminaie/.gradle/caches/minecraft/assets, --assetIndex, 1.11, --accessToken{REDACTED}, --version, 1.11, --tweakClass, net.minecraftforge.fml.common.launcher.FMLTweaker, --tweakClass, net.minecraftforge.gradle.tweakers.CoremodTweaker]
[21:15:35] [main/INFO] [LaunchWrapper]: Loading tweak class name net.minecraftforge.fml.common.launcher.FMLTweaker
[21:15:35] [main/INFO] [LaunchWrapper]: Using primary tweak class name net.minecraftforge.fml.common.launcher.FMLTweaker
[21:15:35] [main/INFO] [LaunchWrapper]: Loading tweak class name net.minecraftforge.gradle.tweakers.CoremodTweaker
[21:15:35] [main/INFO] [LaunchWrapper]: Calling tweak class net.minecraftforge.fml.common.launcher.FMLTweaker
[21:17:09] [main/INFO] [GradleStart]: Extra: []
[21:17:09] [main/INFO] [GradleStart]: Running with arguments: [--userProperties, {}, --assetsDir, /Users/mminaie/.gradle/caches/minecraft/assets, --assetIndex, 1.11, --accessToken{REDACTED}, --version, 1.11, --tweakClass, net.minecraftforge.fml.common.launcher.FMLTweaker, --tweakClass, net.minecraftforge.gradle.tweakers.CoremodTweaker]
[21:17:09] [main/INFO] [LaunchWrapper]: Loading tweak class name net.minecraftforge.fml.common.launcher.FMLTweaker
[21:17:09] [main/INFO] [LaunchWrapper]: Using primary tweak class name net.minecraftforge.fml.common.launcher.FMLTweaker
[21:17:09] [main/INFO] [LaunchWrapper]: Loading tweak class name net.minecraftforge.gradle.tweakers.CoremodTweaker
[21:17:09] [main/INFO] [LaunchWrapper]: Calling tweak class net.minecraftforge.fml.common.launcher.FMLTweaker
[21:18:43] [main/INFO] [GradleStart]: Extra: []
[21:18:43] [main/INFO] [GradleStart]: Running with arguments: [--userProperties, {}, --assetsDir, /Users/mminaie/.gradle/caches/minecraft/assets, --assetIndex, 1.11, --accessToken{REDACTED}, --version, 1.11, --tweakClass, net.minecraftforge.fml.common.launcher.FMLTweaker, --tweakClass, net.minecraftforge.gradle.tweakers.CoremodTweaker]
[21:18:43] [main/INFO] [LaunchWrapper]: Loading tweak class name net.minecraftforge.fml.common.launcher.FMLTweaker
[21:18:43] [main/INFO] [LaunchWrapper]: Using primary tweak class name net.minecraftforge.fml.common.launcher.FMLTweaker
[21:18:43] [main/INFO] [LaunchWrapper]: Loading tweak class name net.minecraftforge.gradle.tweakers.CoremodTweaker
[21:18:43] [main/INFO] [LaunchWrapper]: Calling tweak class net.minecraftforge.fml.common.launcher.FMLTweaker
[21:19:35] [main/INFO] [GradleStart]: Extra: []
[21:19:35] [main/INFO] [GradleStart]: Running with arguments: [--userProperties, {}, --assetsDir, /Users/mminaie/.gradle/caches/minecraft/assets, --assetIndex, 1.11, --accessToken{REDACTED}, --version, 1.11, --tweakClass, net.minecraftforge.fml.common.launcher.FMLTweaker, --tweakClass, net.minecraftforge.gradle.tweakers.CoremodTweaker]
[21:19:35] [main/INFO] [LaunchWrapper]: Loading tweak class name net.minecraftforge.fml.common.launcher.FMLTweaker
[21:19:35] [main/INFO] [LaunchWrapper]: Using primary tweak class name net.minecraftforge.fml.common.launcher.FMLTweaker
[21:19:35] [main/INFO] [LaunchWrapper]: Loading tweak class name net.minecraftforge.gradle.tweakers.CoremodTweaker
[21:19:35] [main/INFO] [LaunchWrapper]: Calling tweak class net.minecraftforge.fml.common.launcher.FMLTweaker
[21:22:00] [main/INFO] [GradleStart]: Extra: []
[21:22:00] [main/INFO] [GradleStart]: Running with arguments: [--userProperties, {}, --assetsDir, /Users/mminaie/.gradle/caches/minecraft/assets, --assetIndex, 1.11, --accessToken{REDACTED}, --version, 1.11, --tweakClass, net.minecraftforge.fml.common.launcher.FMLTweaker, --tweakClass, net.minecraftforge.gradle.tweakers.CoremodTweaker]
[21:22:00] [main/INFO] [LaunchWrapper]: Loading tweak class name net.minecraftforge.fml.common.launcher.FMLTweaker
[21:22:00] [main/INFO] [LaunchWrapper]: Using primary tweak class name net.minecraftforge.fml.common.launcher.FMLTweaker
[21:22:00] [main/INFO] [LaunchWrapper]: Loading tweak class name net.minecraftforge.gradle.tweakers.CoremodTweaker
[21:22:00] [main/INFO] [LaunchWrapper]: Calling tweak class net.minecraftforge.fml.common.launcher.FMLTweaker
[21:29:44] [main/INFO] [GradleStart]: Extra: []
[21:29:44] [main/INFO] [GradleStart]: Running with arguments: [--userProperties, {}, --assetsDir, /Users/mminaie/.gradle/caches/minecraft/assets, --assetIndex, 1.11, --accessToken{REDACTED}, --version, 1.11, --tweakClass, net.minecraftforge.fml.common.launcher.FMLTweaker, --tweakClass, net.minecraftforge.gradle.tweakers.CoremodTweaker]
[21:29:44] [main/INFO] [LaunchWrapper]: Loading tweak class name net.minecraftforge.fml.common.launcher.FMLTweaker
[21:29:44] [main/INFO] [LaunchWrapper]: Using primary tweak class name net.minecraftforge.fml.common.launcher.FMLTweaker
[21:29:44] [main/INFO] [LaunchWrapper]: Loading tweak class name net.minecraftforge.gradle.tweakers.CoremodTweaker
[21:29:44] [main/INFO] [LaunchWrapper]: Calling tweak class net.minecraftforge.fml.common.launcher.FMLTweaker
[21:34:48] [main/INFO] [GradleStart]: Extra: []
[21:34:48] [main/INFO] [GradleStart]: Running with arguments: [--userProperties, {}, --assetsDir, /Users/mminaie/.gradle/caches/minecraft/assets, --assetIndex, 1.11, --accessToken{REDACTED}, --version, 1.11, --tweakClass, net.minecraftforge.fml.common.launcher.FMLTweaker, --tweakClass, net.minecraftforge.gradle.tweakers.CoremodTweaker]
[21:34:48] [main/INFO] [LaunchWrapper]: Loading tweak class name net.minecraftforge.fml.common.launcher.FMLTweaker
[21:34:48] [main/INFO] [LaunchWrapper]: Using primary tweak class name net.minecraftforge.fml.common.launcher.FMLTweaker
[21:34:48] [main/INFO] [LaunchWrapper]: Loading tweak class name net.minecraftforge.gradle.tweakers.CoremodTweaker
[21:34:48] [main/INFO] [LaunchWrapper]: Calling tweak class net.minecraftforge.fml.common.launcher.FMLTweaker
[21:38:08] [main/INFO] [GradleStart]: Extra: []
[21:38:09] [main/INFO] [GradleStart]: Running with arguments: [--userProperties, {}, --assetsDir, /Users/mminaie/.gradle/caches/minecraft/assets, --assetIndex, 1.11, --accessToken{REDACTED}, --version, 1.11, --tweakClass, net.minecraftforge.fml.common.launcher.FMLTweaker, --tweakClass, net.minecraftforge.gradle.tweakers.CoremodTweaker]
[21:38:09] [main/INFO] [LaunchWrapper]: Loading tweak class name net.minecraftforge.fml.common.launcher.FMLTweaker
[21:38:09] [main/INFO] [LaunchWrapper]: Using primary tweak class name net.minecraftforge.fml.common.launcher.FMLTweaker
[21:38:09] [main/INFO] [LaunchWrapper]: Loading tweak class name net.minecraftforge.gradle.tweakers.CoremodTweaker
[21:38:09] [main/INFO] [LaunchWrapper]: Calling tweak class net.minecraftforge.fml.common.launcher.FMLTweaker
[21:40:21] [main/INFO] [GradleStart]: Extra: []
[21:40:21] [main/INFO] [GradleStart]: Running with arguments: [--userProperties, {}, --assetsDir, /Users/mminaie/.gradle/caches/minecraft/assets, --assetIndex, 1.11, --accessToken{REDACTED}, --version, 1.11, --tweakClass, net.minecraftforge.fml.common.launcher.FMLTweaker, --tweakClass, net.minecraftforge.gradle.tweakers.CoremodTweaker]
[21:40:21] [main/INFO] [LaunchWrapper]: Loading tweak class name net.minecraftforge.fml.common.launcher.FMLTweaker
[21:40:21] [main/INFO] [LaunchWrapper]: Using primary tweak class name net.minecraftforge.fml.common.launcher.FMLTweaker
[21:40:21] [main/INFO] [LaunchWrapper]: Loading tweak class name net.minecraftforge.gradle.tweakers.CoremodTweaker
[21:40:21] [main/INFO] [LaunchWrapper]: Calling tweak class net.minecraftforge.fml.common.launcher.FMLTweaker
[21:41:49] [main/INFO] [GradleStart]: Extra: []
[21:41:49] [main/INFO] [GradleStart]: Running with arguments: [--userProperties, {}, --assetsDir, /Users/mminaie/.gradle/caches/minecraft/assets, --assetIndex, 1.11, --accessToken{REDACTED}, --version, 1.11, --tweakClass, net.minecraftforge.fml.common.launcher.FMLTweaker, --tweakClass, net.minecraftforge.gradle.tweakers.CoremodTweaker]
[21:41:49] [main/INFO] [LaunchWrapper]: Loading tweak class name net.minecraftforge.fml.common.launcher.FMLTweaker
[21:41:49] [main/INFO] [LaunchWrapper]: Using primary tweak class name net.minecraftforge.fml.common.launcher.FMLTweaker
[21:41:49] [main/INFO] [LaunchWrapper]: Loading tweak class name net.minecraftforge.gradle.tweakers.CoremodTweaker
[21:41:49] [main/INFO] [LaunchWrapper]: Calling tweak class net.minecraftforge.fml.common.launcher.FMLTweaker
[21:44:09] [main/INFO] [GradleStart]: Extra: []
[21:44:09] [main/INFO] [GradleStart]: Running with arguments: [--userProperties, {}, --assetsDir, /Users/mminaie/.gradle/caches/minecraft/assets, --assetIndex, 1.11, --accessToken{REDACTED}, --version, 1.11, --tweakClass, net.minecraftforge.fml.common.launcher.FMLTweaker, --tweakClass, net.minecraftforge.gradle.tweakers.CoremodTweaker]
[21:44:10] [main/INFO] [LaunchWrapper]: Loading tweak class name net.minecraftforge.fml.common.launcher.FMLTweaker
[21:44:10] [main/INFO] [LaunchWrapper]: Using primary tweak class name net.minecraftforge.fml.common.launcher.FMLTweaker
[21:44:10] [main/INFO] [LaunchWrapper]: Loading tweak class name net.minecraftforge.gradle.tweakers.CoremodTweaker
[21:44:10] [main/INFO] [LaunchWrapper]: Calling tweak class net.minecraftforge.fml.common.launcher.FMLTweaker
[21:45:21] [main/INFO] [GradleStart]: Extra: []
[21:45:21] [main/INFO] [GradleStart]: Running with arguments: [--userProperties, {}, --assetsDir, /Users/mminaie/.gradle/caches/minecraft/assets, --assetIndex, 1.11, --accessToken{REDACTED}, --version, 1.11, --tweakClass, net.minecraftforge.fml.common.launcher.FMLTweaker, --tweakClass, net.minecraftforge.gradle.tweakers.CoremodTweaker]
[21:45:21] [main/INFO] [LaunchWrapper]: Loading tweak class name net.minecraftforge.fml.common.launcher.FMLTweaker
[21:45:21] [main/INFO] [LaunchWrapper]: Using primary tweak class name net.minecraftforge.fml.common.launcher.FMLTweaker
[21:45:21] [main/INFO] [LaunchWrapper]: Loading tweak class name net.minecraftforge.gradle.tweakers.CoremodTweaker
[21:45:21] [main/INFO] [LaunchWrapper]: Calling tweak class net.minecraftforge.fml.common.launcher.FMLTweaker
[21:45:57] [main/INFO] [GradleStart]: Extra: []
[21:45:58] [main/INFO] [GradleStart]: Running with arguments: [--userProperties, {}, --assetsDir, /Users/mminaie/.gradle/caches/minecraft/assets, --assetIndex, 1.11, --accessToken{REDACTED}, --version, 1.11, --tweakClass, net.minecraftforge.fml.common.launcher.FMLTweaker, --tweakClass, net.minecraftforge.gradle.tweakers.CoremodTweaker]
[21:45:58] [main/INFO] [LaunchWrapper]: Loading tweak class name net.minecraftforge.fml.common.launcher.FMLTweaker
[21:45:58] [main/INFO] [LaunchWrapper]: Using primary tweak class name net.minecraftforge.fml.common.launcher.FMLTweaker
[21:45:58] [main/INFO] [LaunchWrapper]: Loading tweak class name net.minecraftforge.gradle.tweakers.CoremodTweaker
[21:45:58] [main/INFO] [LaunchWrapper]: Calling tweak class net.minecraftforge.fml.common.launcher.FMLTweaker
[21:47:26] [main/INFO] [GradleStart]: Extra: []
[21:47:26] [main/INFO] [GradleStart]: Running with arguments: [--userProperties, {}, --assetsDir, /Users/mminaie/.gradle/caches/minecraft/assets, --assetIndex, 1.11, --accessToken{REDACTED}, --version, 1.11, --tweakClass, net.minecraftforge.fml.common.launcher.FMLTweaker, --tweakClass, net.minecraftforge.gradle.tweakers.CoremodTweaker]
[21:47:26] [main/INFO] [LaunchWrapper]: Loading tweak class name net.minecraftforge.fml.common.launcher.FMLTweaker
[21:47:26] [main/INFO] [LaunchWrapper]: Using primary tweak class name net.minecraftforge.fml.common.launcher.FMLTweaker
[21:47:26] [main/INFO] [LaunchWrapper]: Loading tweak class name net.minecraftforge.gradle.tweakers.CoremodTweaker
[21:47:26] [main/INFO] [LaunchWrapper]: Calling tweak class net.minecraftforge.fml.common.launcher.FMLTweaker
[16:24:55] [main/INFO] [GradleStart]: Extra: []
[16:24:55] [main/INFO] [GradleStart]: Running with arguments: [--userProperties, {}, --assetsDir, /Users/mminaie/.gradle/caches/minecraft/assets, --assetIndex, 1.11, --accessToken{REDACTED}, --version, 1.11, --tweakClass, net.minecraftforge.fml.common.launcher.FMLTweaker, --tweakClass, net.minecraftforge.gradle.tweakers.CoremodTweaker]
[16:24:55] [main/INFO] [LaunchWrapper]: Loading tweak class name net.minecraftforge.fml.common.launcher.FMLTweaker
[16:24:55] [main/INFO] [LaunchWrapper]: Using primary tweak class name net.minecraftforge.fml.common.launcher.FMLTweaker
[16:24:55] [main/INFO] [LaunchWrapper]: Loading tweak class name net.minecraftforge.gradle.tweakers.CoremodTweaker
[16:24:55] [main/INFO] [LaunchWrapper]: Calling tweak class net.minecraftforge.fml.common.launcher.FMLTweaker
[16:28:18] [main/INFO] [GradleStart]: Extra: []
[16:28:18] [main/INFO] [GradleStart]: Running with arguments: [--userProperties, {}, --assetsDir, /Users/mminaie/.gradle/caches/minecraft/assets, --assetIndex, 1.11, --accessToken{REDACTED}, --version, 1.11, --tweakClass, net.minecraftforge.fml.common.launcher.FMLTweaker, --tweakClass, net.minecraftforge.gradle.tweakers.CoremodTweaker]
[16:28:18] [main/INFO] [LaunchWrapper]: Loading tweak class name net.minecraftforge.fml.common.launcher.FMLTweaker
[16:28:18] [main/INFO] [LaunchWrapper]: Using primary tweak class name net.minecraftforge.fml.common.launcher.FMLTweaker
[16:28:18] [main/INFO] [LaunchWrapper]: Loading tweak class name net.minecraftforge.gradle.tweakers.CoremodTweaker
[16:28:18] [main/INFO] [LaunchWrapper]: Calling tweak class net.minecraftforge.fml.common.launcher.FMLTweaker
[16:33:03] [main/INFO] [GradleStart]: Extra: []
[16:33:03] [main/INFO] [GradleStart]: Running with arguments: [--userProperties, {}, --assetsDir, /Users/mminaie/.gradle/caches/minecraft/assets, --assetIndex, 1.11, --accessToken{REDACTED}, --version, 1.11, --tweakClass, net.minecraftforge.fml.common.launcher.FMLTweaker, --tweakClass, net.minecraftforge.gradle.tweakers.CoremodTweaker]
[16:33:03] [main/INFO] [LaunchWrapper]: Loading tweak class name net.minecraftforge.fml.common.launcher.FMLTweaker
[16:33:03] [main/INFO] [LaunchWrapper]: Using primary tweak class name net.minecraftforge.fml.common.launcher.FMLTweaker
[16:33:03] [main/INFO] [LaunchWrapper]: Loading tweak class name net.minecraftforge.gradle.tweakers.CoremodTweaker
[16:33:03] [main/INFO] [LaunchWrapper]: Calling tweak class net.minecraftforge.fml.common.launcher.FMLTweaker
