[21:22:48] [Client thread/INFO]: Setting user: Player57
[21:22:51] [Client thread/INFO]: LWJGL Version: 2.9.2
[21:22:54] [Client thread/INFO]: Reloading ResourceManager: Default, FMLFileResourcePack:Forge Mod Loader, FMLFileResourcePack:Minecraft Forge, FMLFileResourcePack:Kitsu's Forgecraft
[21:22:55] [Client thread/WARN]: Invalid sounds.json
java.lang.NullPointerException
	at net.minecraft.client.audio.SoundHandler.onResourceManagerReload(SoundHandler.java:79) [SoundHandler.class:?]
	at net.minecraft.client.resources.SimpleReloadableResourceManager.registerReloadListener(SimpleReloadableResourceManager.java:122) [SimpleReloadableResourceManager.class:?]
	at net.minecraft.client.Minecraft.init(Minecraft.java:483) [Minecraft.class:?]
	at net.minecraft.client.Minecraft.run(Minecraft.java:385) [Minecraft.class:?]
	at net.minecraft.client.main.Main.main(Main.java:118) [Main.class:?]
	at sun.reflect.NativeMethodAccessorImpl.invoke0(Native Method) ~[?:1.8.0_111]
	at sun.reflect.NativeMethodAccessorImpl.invoke(NativeMethodAccessorImpl.java:62) ~[?:1.8.0_111]
	at sun.reflect.DelegatingMethodAccessorImpl.invoke(DelegatingMethodAccessorImpl.java:43) ~[?:1.8.0_111]
	at java.lang.reflect.Method.invoke(Method.java:498) ~[?:1.8.0_111]
	at net.minecraft.launchwrapper.Launch.launch(Launch.java:135) [launchwrapper-1.12.jar:?]
	at net.minecraft.launchwrapper.Launch.main(Launch.java:28) [launchwrapper-1.12.jar:?]
	at sun.reflect.NativeMethodAccessorImpl.invoke0(Native Method) ~[?:1.8.0_111]
	at sun.reflect.NativeMethodAccessorImpl.invoke(NativeMethodAccessorImpl.java:62) ~[?:1.8.0_111]
	at sun.reflect.DelegatingMethodAccessorImpl.invoke(DelegatingMethodAccessorImpl.java:43) ~[?:1.8.0_111]
	at java.lang.reflect.Method.invoke(Method.java:498) ~[?:1.8.0_111]
	at net.minecraftforge.gradle.GradleStartCommon.launch(GradleStartCommon.java:97) [start/:?]
	at GradleStart.main(GradleStart.java:26) [start/:?]
	at sun.reflect.NativeMethodAccessorImpl.invoke0(Native Method) ~[?:1.8.0_111]
	at sun.reflect.NativeMethodAccessorImpl.invoke(NativeMethodAccessorImpl.java:62) ~[?:1.8.0_111]
	at sun.reflect.DelegatingMethodAccessorImpl.invoke(DelegatingMethodAccessorImpl.java:43) ~[?:1.8.0_111]
	at java.lang.reflect.Method.invoke(Method.java:498) ~[?:1.8.0_111]
	at com.intellij.rt.execution.application.AppMain.main(AppMain.java:147) [idea_rt.jar:?]
[21:22:55] [Sound Library Loader/INFO]: Starting up SoundSystem...
[21:22:55] [Thread-6/INFO]: Initializing LWJGL OpenAL
[21:22:55] [Thread-6/INFO]: (The LWJGL binding of OpenAL.  For more information, see http://www.lwjgl.org)
[21:22:55] [Thread-6/INFO]: OpenAL initialized.
[21:22:56] [Sound Library Loader/INFO]: Sound engine started
[21:22:57] [Client thread/INFO]: Created: 16x16 textures-atlas
[21:22:59] [Client thread/INFO]: Reloading ResourceManager: Default, FMLFileResourcePack:Forge Mod Loader, FMLFileResourcePack:Minecraft Forge, FMLFileResourcePack:Kitsu's Forgecraft
[21:23:00] [Client thread/WARN]: Invalid sounds.json
java.lang.NullPointerException
	at net.minecraft.client.audio.SoundHandler.onResourceManagerReload(SoundHandler.java:79) [SoundHandler.class:?]
	at net.minecraft.client.resources.SimpleReloadableResourceManager.notifyReloadListeners(SimpleReloadableResourceManager.java:132) [SimpleReloadableResourceManager.class:?]
	at net.minecraft.client.resources.SimpleReloadableResourceManager.reloadResources(SimpleReloadableResourceManager.java:113) [SimpleReloadableResourceManager.class:?]
	at net.minecraft.client.Minecraft.refreshResources(Minecraft.java:798) [Minecraft.class:?]
	at net.minecraftforge.fml.client.FMLClientHandler.finishMinecraftLoading(FMLClientHandler.java:357) [FMLClientHandler.class:?]
	at net.minecraft.client.Minecraft.init(Minecraft.java:560) [Minecraft.class:?]
	at net.minecraft.client.Minecraft.run(Minecraft.java:385) [Minecraft.class:?]
	at net.minecraft.client.main.Main.main(Main.java:118) [Main.class:?]
	at sun.reflect.NativeMethodAccessorImpl.invoke0(Native Method) ~[?:1.8.0_111]
	at sun.reflect.NativeMethodAccessorImpl.invoke(NativeMethodAccessorImpl.java:62) ~[?:1.8.0_111]
	at sun.reflect.DelegatingMethodAccessorImpl.invoke(DelegatingMethodAccessorImpl.java:43) ~[?:1.8.0_111]
	at java.lang.reflect.Method.invoke(Method.java:498) ~[?:1.8.0_111]
	at net.minecraft.launchwrapper.Launch.launch(Launch.java:135) [launchwrapper-1.12.jar:?]
	at net.minecraft.launchwrapper.Launch.main(Launch.java:28) [launchwrapper-1.12.jar:?]
	at sun.reflect.NativeMethodAccessorImpl.invoke0(Native Method) ~[?:1.8.0_111]
	at sun.reflect.NativeMethodAccessorImpl.invoke(NativeMethodAccessorImpl.java:62) ~[?:1.8.0_111]
	at sun.reflect.DelegatingMethodAccessorImpl.invoke(DelegatingMethodAccessorImpl.java:43) ~[?:1.8.0_111]
	at java.lang.reflect.Method.invoke(Method.java:498) ~[?:1.8.0_111]
	at net.minecraftforge.gradle.GradleStartCommon.launch(GradleStartCommon.java:97) [start/:?]
	at GradleStart.main(GradleStart.java:26) [start/:?]
	at sun.reflect.NativeMethodAccessorImpl.invoke0(Native Method) ~[?:1.8.0_111]
	at sun.reflect.NativeMethodAccessorImpl.invoke(NativeMethodAccessorImpl.java:62) ~[?:1.8.0_111]
	at sun.reflect.DelegatingMethodAccessorImpl.invoke(DelegatingMethodAccessorImpl.java:43) ~[?:1.8.0_111]
	at java.lang.reflect.Method.invoke(Method.java:498) ~[?:1.8.0_111]
	at com.intellij.rt.execution.application.AppMain.main(AppMain.java:147) [idea_rt.jar:?]
[21:23:00] [Client thread/INFO]: SoundSystem shutting down...
[21:23:00] [Client thread/WARN]: Author: Paul Lamb, www.paulscode.com
[21:23:00] [Sound Library Loader/INFO]: Starting up SoundSystem...
[21:23:00] [Thread-8/INFO]: Initializing LWJGL OpenAL
[21:23:00] [Thread-8/INFO]: (The LWJGL binding of OpenAL.  For more information, see http://www.lwjgl.org)
[21:23:00] [Thread-8/INFO]: OpenAL initialized.
[21:23:00] [Sound Library Loader/INFO]: Sound engine started
[21:23:01] [Client thread/INFO]: Created: 512x512 textures-atlas
[21:23:03] [Realms Notification Availability checker #1/INFO]: Could not authorize you against Realms server: Invalid session id
[21:23:19] [Server thread/INFO]: Starting integrated minecraft server version 1.11
[21:23:19] [Server thread/INFO]: Generating keypair
[21:23:20] [Server thread/INFO]: Preparing start region for level 0
[21:23:21] [Server thread/INFO]: Changing view distance to 12, from 10
[21:23:22] [Server thread/INFO]: Player57[local:E:fb539682] logged in with entity id 0 at (1462.5, 4.0, -834.5)
[21:23:22] [Server thread/INFO]: Player57 joined the game
[21:23:23] [Server thread/INFO]: Saving and pausing game...
[21:23:23] [Server thread/INFO]: Saving chunks for level 'Test'/Overworld
[21:23:23] [Server thread/INFO]: Saving chunks for level 'Test'/Nether
[21:23:23] [Server thread/INFO]: Saving chunks for level 'Test'/The End
[21:23:23] [pool-2-thread-1/WARN]: Couldn't look up profile properties for com.mojang.authlib.GameProfile@2365a32c[id=503b4b59-0d6c-31d1-9440-529de2c14614,name=Player57,properties={},legacy=false]
com.mojang.authlib.exceptions.AuthenticationException: The client has sent too many requests within a certain amount of time
	at com.mojang.authlib.yggdrasil.YggdrasilAuthenticationService.makeRequest(YggdrasilAuthenticationService.java:79) ~[YggdrasilAuthenticationService.class:?]
	at com.mojang.authlib.yggdrasil.YggdrasilMinecraftSessionService.fillGameProfile(YggdrasilMinecraftSessionService.java:180) [YggdrasilMinecraftSessionService.class:?]
	at com.mojang.authlib.yggdrasil.YggdrasilMinecraftSessionService$1.load(YggdrasilMinecraftSessionService.java:60) [YggdrasilMinecraftSessionService$1.class:?]
	at com.mojang.authlib.yggdrasil.YggdrasilMinecraftSessionService$1.load(YggdrasilMinecraftSessionService.java:57) [YggdrasilMinecraftSessionService$1.class:?]
	at com.google.common.cache.LocalCache$LoadingValueReference.loadFuture(LocalCache.java:3524) [guava-17.0.jar:?]
	at com.google.common.cache.LocalCache$Segment.loadSync(LocalCache.java:2317) [guava-17.0.jar:?]
	at com.google.common.cache.LocalCache$Segment.lockedGetOrLoad(LocalCache.java:2280) [guava-17.0.jar:?]
	at com.google.common.cache.LocalCache$Segment.get(LocalCache.java:2195) [guava-17.0.jar:?]
	at com.google.common.cache.LocalCache.get(LocalCache.java:3934) [guava-17.0.jar:?]
	at com.google.common.cache.LocalCache.getOrLoad(LocalCache.java:3938) [guava-17.0.jar:?]
	at com.google.common.cache.LocalCache$LocalLoadingCache.get(LocalCache.java:4821) [guava-17.0.jar:?]
	at com.google.common.cache.LocalCache$LocalLoadingCache.getUnchecked(LocalCache.java:4827) [guava-17.0.jar:?]
	at com.mojang.authlib.yggdrasil.YggdrasilMinecraftSessionService.fillProfileProperties(YggdrasilMinecraftSessionService.java:170) [YggdrasilMinecraftSessionService.class:?]
	at net.minecraft.client.Minecraft.getProfileProperties(Minecraft.java:3054) [Minecraft.class:?]
	at net.minecraft.client.resources.SkinManager$3.run(SkinManager.java:138) [SkinManager$3.class:?]
	at java.util.concurrent.Executors$RunnableAdapter.call(Executors.java:511) [?:1.8.0_111]
	at java.util.concurrent.FutureTask.run(FutureTask.java:266) [?:1.8.0_111]
	at java.util.concurrent.ThreadPoolExecutor.runWorker(ThreadPoolExecutor.java:1142) [?:1.8.0_111]
	at java.util.concurrent.ThreadPoolExecutor$Worker.run(ThreadPoolExecutor.java:617) [?:1.8.0_111]
	at java.lang.Thread.run(Thread.java:745) [?:1.8.0_111]
[21:23:26] [Server thread/INFO]: Saving and pausing game...
[21:23:26] [Server thread/INFO]: Saving chunks for level 'Test'/Overworld
[21:23:26] [Server thread/INFO]: Saving chunks for level 'Test'/Nether
[21:23:26] [Server thread/INFO]: Saving chunks for level 'Test'/The End
[21:23:31] [Server thread/INFO]: Changing difficulty to PEACEFUL, from NORMAL
[21:24:22] [Server thread/INFO]: Player57 has just earned the achievement [Taking Inventory]
[21:24:22] [Client thread/INFO]: [CHAT] Player57 has just earned the achievement [Taking Inventory]
[21:25:32] [Server thread/INFO]: Saving and pausing game...
[21:25:32] [Server thread/INFO]: Saving chunks for level 'Test'/Overworld
[21:25:32] [Server thread/INFO]: Saving chunks for level 'Test'/Nether
[21:25:32] [Server thread/INFO]: Saving chunks for level 'Test'/The End
[21:25:33] [Server thread/INFO]: Stopping server
[21:25:33] [Server thread/INFO]: Saving players
[21:25:33] [Server thread/INFO]: Player57 lost connection: TextComponent{text='Disconnected', siblings=[], style=Style{hasParent=false, color=null, bold=null, italic=null, underlined=null, obfuscated=null, clickEvent=null, hoverEvent=null, insertion=null}}
[21:25:33] [Server thread/INFO]: Player57 left the game
[21:25:33] [Server thread/INFO]: Stopping singleplayer server as player logged out
[21:25:33] [Server thread/INFO]: Saving worlds
[21:25:33] [Server thread/INFO]: Saving chunks for level 'Test'/Overworld
[21:25:33] [Server thread/INFO]: Saving chunks for level 'Test'/Nether
[21:25:33] [Server thread/INFO]: Saving chunks for level 'Test'/The End
[21:25:34] [Client thread/INFO]: Stopping!
[21:25:34] [Client thread/INFO]: SoundSystem shutting down...
[21:25:34] [Client thread/WARN]: Author: Paul Lamb, www.paulscode.com
